tdLM
.T$R
 @f!@
DL#!
'$ @
1 @@
)`H 
DSID
V/HQAP4mY
#v[G
+dy4
d)>I=
"L?*
OpW^d
?s:"
9tBU
f%^"bL
cXsc
@@R1M
'[Lz
R/dCk
~*ebY
y+Di
iPwB
ZlGh
cp%NH
#CRF
q!;:
Ou]M&Y
VW?E
h"Z=
N@jw(
HSu]
[.wb
Cb^=
VZ:S
F{ms^
HE*A
ORh`iAqh
".x<p
[Y919W
\K>B$Zg
js+_
G|k[
h2[@
__gmon_start__
_fini
__cxa_finalize
_Jv_RegisterClasses
_ZN7testing8internal26ThreadLocalValueHolderBaseD2Ev
_ZTVN7testing8internal26ThreadLocalValueHolderBaseE
DeleteThreadLocalValue
_ZN7testing8internal9DeathTestD2Ev
_ZTVN7testing8internal9DeathTestE
_ZN7testing8internal16DeathTestFactoryD2Ev
_ZTVN7testing8internal16DeathTestFactoryE
_ZN7testing31TestPartResultReporterInterfaceD2Ev
_ZTVN7testing31TestPartResultReporterInterfaceE
_ZN7testing4Test5SetupEv
_ZN7testing17TestEventListenerD2Ev
_ZTVN7testing17TestEventListenerE
_ZN7testing22EmptyTestEventListener18OnTestProgramStartERKNS_8UnitTestE
_ZN7testing22EmptyTestEventListener20OnTestIterationStartERKNS_8UnitTestEi
_ZN7testing22EmptyTestEventListener24OnEnvironmentsSetUpStartERKNS_8UnitTestE
_ZN7testing22EmptyTestEventListener22OnEnvironmentsSetUpEndERKNS_8UnitTestE
_ZN7testing22EmptyTestEventListener15OnTestCaseStartERKNS_8TestCaseE
_ZN7testing22EmptyTestEventListener11OnTestStartERKNS_8TestInfoE
_ZN7testing22EmptyTestEventListener16OnTestPartResultERKNS_14TestPartResultE
_ZN7testing22EmptyTestEventListener9OnTestEndERKNS_8TestInfoE
_ZN7testing22EmptyTestEventListener13OnTestCaseEndERKNS_8TestCaseE
_ZN7testing22EmptyTestEventListener27OnEnvironmentsTearDownStartERKNS_8UnitTestE
_ZN7testing22EmptyTestEventListener25OnEnvironmentsTearDownEndERKNS_8UnitTestE
_ZN7testing22EmptyTestEventListener18OnTestIterationEndERKNS_8UnitTestEi
_ZN7testing22EmptyTestEventListener16OnTestProgramEndERKNS_8UnitTestE
_ZN7testing8internal27OsStackTraceGetterInterfaceD2Ev
_ZTVN7testing8internal27OsStackTraceGetterInterfaceE
_ZN7testing4Test5SetUpEv
_ZN7testing4Test8TearDownEv
_ZNK7testing8TestCase16total_test_countEv
_ZN7testing8internal27PrettyUnitTestResultPrinter18OnTestProgramStartERKNS_8UnitTestE
_ZN7testing8internal27PrettyUnitTestResultPrinter22OnEnvironmentsSetUpEndERKNS_8UnitTestE
_ZN7testing8internal27PrettyUnitTestResultPrinter25OnEnvironmentsTearDownEndERKNS_8UnitTestE
_ZN7testing8internal27PrettyUnitTestResultPrinter16OnTestProgramEndERKNS_8UnitTestE
_ZN7testing22EmptyTestEventListenerD2Ev
_ZN7testing8internal18OsStackTraceGetter16UponLeavingGTestEv
_ZN7testing8internal35DefaultGlobalTestPartResultReporterD2Ev
_ZN7testing8internal38DefaultPerThreadTestPartResultReporterD2Ev
_ZN7testing8internal24HasNewFatalFailureHelper20ReportTestPartResultERKNS_14TestPartResultE
_ZN7testing8internal11ThreadLocalIPNS_31TestPartResultReporterInterfaceEE11ValueHolderD2Ev
_ZN7testing8internal23DefaultDeathTestFactoryD2Ev
_ZN7testing8internal23DefaultDeathTestFactoryD0Ev
_ZdlPv
_ZN7testing8internal11ThreadLocalIPNS_31TestPartResultReporterInterfaceEE11ValueHolderD0Ev
_ZN7testing8internal38DefaultPerThreadTestPartResultReporterD0Ev
_ZN7testing8internal35DefaultGlobalTestPartResultReporterD0Ev
_ZN7testing22EmptyTestEventListenerD0Ev
_ZN7testing8internal27OsStackTraceGetterInterfaceD0Ev
_ZN7testing17TestEventListenerD0Ev
_ZN7testing31TestPartResultReporterInterfaceD0Ev
_ZN7testing8internal16DeathTestFactoryD0Ev
_ZN7testing8internal9DeathTestD0Ev
_ZN7testing8internal26ThreadLocalValueHolderBaseD0Ev
_ZN7testing8internal17TestEventRepeaterD2Ev
_ZTVN7testing8internal17TestEventRepeaterE
_Unwind_Resume
__gxx_personality_v0
_ZN7testing8internal17TestEventRepeaterD0Ev
_ZN7testing8internal17TestEventRepeaterD1Ev
_ZN7testing8internal6StringD2Ev
_ZdaPv
_ZN7testing8internal27PrettyUnitTestResultPrinterD2Ev
_ZTVN7testing8internal27PrettyUnitTestResultPrinterE
_ZN7testing8internal6StringD1Ev
_ZN7testing8internal24XmlUnitTestResultPrinterD2Ev
_ZTVN7testing8internal24XmlUnitTestResultPrinterE
_ZNSt6vectorIN7testing8internal6StringESaIS2_EED2Ev
_ZN7testing26GoogleTestFailureExceptionD2Ev
_ZTVN7testing26GoogleTestFailureExceptionE
_ZNSt13runtime_errorD2Ev
_ZN7testing26GoogleTestFailureExceptionD0Ev
_ZN7testing8internal17TestEventRepeater18OnTestIterationEndERKNS_8UnitTestEi
_ZN7testing8internal17TestEventRepeater20OnTestIterationStartERKNS_8UnitTestEi
_ZN7testing8internal17TestEventRepeater16OnTestProgramEndERKNS_8UnitTestE
_ZN7testing8internal17TestEventRepeater13OnTestCaseEndERKNS_8TestCaseE
_ZN7testing8internal17TestEventRepeater9OnTestEndERKNS_8TestInfoE
_ZN7testing8internal17TestEventRepeater25OnEnvironmentsTearDownEndERKNS_8UnitTestE
_ZN7testing8internal17TestEventRepeater22OnEnvironmentsSetUpEndERKNS_8UnitTestE
_ZN7testing8internal17TestEventRepeater27OnEnvironmentsTearDownStartERKNS_8UnitTestE
_ZN7testing8internal17TestEventRepeater16OnTestPartResultERKNS_14TestPartResultE
_ZN7testing8internal17TestEventRepeater11OnTestStartERKNS_8TestInfoE
_ZN7testing8internal17TestEventRepeater15OnTestCaseStartERKNS_8TestCaseE
_ZN7testing8internal17TestEventRepeater24OnEnvironmentsSetUpStartERKNS_8UnitTestE
_ZN7testing8internal17TestEventRepeater18OnTestProgramStartERKNS_8UnitTestE
_ZNSsC1ERKSs
__cxa_begin_catch
_ZNSsD1Ev
__cxa_rethrow
__cxa_end_catch
_ZNSs4_Rep9_S_createEjjRKSaIcE
memcpy
_ZNSs4_Rep20_S_empty_rep_storageE
_ZSt19__throw_logic_errorPKc
_ZN7testing8internal27PrettyUnitTestResultPrinterD0Ev
_ZN7testing8internal24XmlUnitTestResultPrinterD0Ev
_ZN7testing8internal11ThreadLocalISt6vectorINS0_9TraceInfoESaIS3_EEE11ValueHolderD0Ev
_ZTVN7testing8internal11ThreadLocalISt6vectorINS0_9TraceInfoESaIS3_EEE11ValueHolderE
_ZN7testing8internal11ThreadLocalISt6vectorINS0_9TraceInfoESaIS3_EEE11ValueHolderD2Ev
_ZNSs6assignERKSs
_Znwj
_ZNSs4_Rep10_M_destroyERKSaIcE
_ZN7testing8internal6StringC2EPKc
strlen
_Znaj
_ZN7testing8internal18OsStackTraceGetter17CurrentStackTraceEii
_ZN7testing8internal6StringC1EPKc
_ZN7testing8internal6StringaSERKS1_
_ZN7testing4TestD2Ev
_ZTVN7testing4TestE
_ZN7testing35FLAGS_gtest_also_run_disabled_testsE
_ZN7testing28FLAGS_gtest_break_on_failureE
_ZN7testing28FLAGS_gtest_catch_exceptionsE
_ZN7testing17FLAGS_gtest_colorE
_ZN7testing28FLAGS_gtest_death_test_styleE
_ZN7testing31FLAGS_gtest_death_test_use_forkE
_ZN7testing18FLAGS_gtest_filterE
_ZN7testing8internal35FLAGS_gtest_internal_run_death_testE
_ZN7testing22FLAGS_gtest_list_testsE
_ZN7testing18FLAGS_gtest_outputE
_ZN7testing22FLAGS_gtest_print_timeE
_ZN7testing23FLAGS_gtest_random_seedE
_ZN7testing18FLAGS_gtest_repeatE
_ZN7testing19FLAGS_gtest_shuffleE
_ZN7testing29FLAGS_gtest_stack_trace_depthE
_ZN7testing28FLAGS_gtest_throw_on_failureE
_ZN7testing4TestD0Ev
_ZN7testing4TestD1Ev
_ZN7testing8internal7g_argvsE
_ZN7testing8internallsERSoRKNS0_6StringE
_ZStlsISt11char_traitsIcEERSt13basic_ostreamIcT_ES5_PKc
_ZSt16__ostream_insertIcSt11char_traitsIcEERSt13basic_ostreamIT_T0_ES6_PKS3_i
_ZN7testing8internal29ParameterizedTestCaseRegistryD2Ev
_ZN7testing8internal12AssertHelperC2ENS_14TestPartResult4TypeEPKciS5_
_ZN7testing8internal12AssertHelperD2Ev
_ZN7testing8internal15UnitTestOptions15GetOutputFormatEv
strchr
_ZN7testing8internal15UnitTestOptions20PatternMatchesStringEPKcS3_
_ZN7testing8internal15UnitTestOptions13MatchesFilterERKNS0_6StringEPKc
_ZN7testing8internal13GetTestTypeIdEv
_ZN7testing8internal12TypeIdHelperINS_4TestEE6dummy_E
_ZN7testing8internal20SingleFailureCheckerC2EPKNS_19TestPartResultArrayENS_14TestPartResult4TypeEPKc
_ZN7testing8internal35DefaultGlobalTestPartResultReporterC2EPNS0_12UnitTestImplE
_ZTVN7testing8internal35DefaultGlobalTestPartResultReporterE
_ZN7testing8internal38DefaultPerThreadTestPartResultReporterC2EPNS0_12UnitTestImplE
_ZTVN7testing8internal38DefaultPerThreadTestPartResultReporterE
_ZNK7testing8internal12UnitTestImpl21total_test_case_countEv
_ZNK7testing8internal12UnitTestImpl22test_case_to_run_countEv
_ZNK7testing8internal12UnitTestImpl16total_test_countEv
_ZN7testing8internal12UnitTestImpl28CurrentOsStackTraceExceptTopEi
_ZN7testing8internal15GetTimeInMillisEv
gettimeofday
_ZN7testing8internal6String12CloneCStringEPKc
strncpy
_ZN7testing8internal6String13CStringEqualsEPKcS3_
strcmp
_ZN7testing15AssertionResultC2ERKS0_
_ZN7testing16AssertionSuccessEv
_ZN7testing16AssertionFailureEv
_ZN7testing8internal6String17WideCStringEqualsEPKwS3_
wcscmp
_ZN7testing8internal6String28CaseInsensitiveCStringEqualsEPKcS3_
strcasecmp
_ZN7testing8internal6String32CaseInsensitiveWideCStringEqualsEPKwS3_
wcscasecmp
_ZNK7testing8internal6String7CompareERKS1_
_ZSt29_Rb_tree_insert_and_rebalancebPSt18_Rb_tree_node_baseS0_RS_
_ZNK7testing8internal6String8EndsWithEPKc
_ZNK7testing8internal6String23EndsWithCaseInsensitiveEPKc
_ZN7testing8internal6String6FormatEPKcz
__vsnprintf_chk
_ZN7testing8internal18FormatFileLocationEPKci
_ZN7testing8internal15CodePointToUtf8EjPc
_ZN7testing8internal23FormatForFailureMessageEc
_ZN7testing8internal6String17ShowCStringQuotedEPKc
_ZN7testing8internal15UnitTestOptions17FilterMatchesTestERKNS0_6StringES4_
_ZN7testing8internal17StrStreamToStringEPSt18basic_stringstreamIcSt11char_traitsIcESaIcEE
_ZNSt18basic_stringstreamIcSt11char_traitsIcESaIcEEC1ESt13_Ios_Openmode
_ZNSo3putEc
_ZTVSt18basic_stringstreamIcSt11char_traitsIcESaIcEE
_ZTVSt15basic_stringbufIcSt11char_traitsIcESaIcEE
_ZTVSt15basic_streambufIcSt11char_traitsIcEE
_ZNSt6localeD1Ev
_ZTTSt18basic_stringstreamIcSt11char_traitsIcESaIcEE
_ZTVSt9basic_iosIcSt11char_traitsIcEE
_ZNSt8ios_baseD2Ev
_ZNSt18basic_stringstreamIcSt11char_traitsIcESaIcEED1Ev
toupper
_ZN7testing8internal27PrettyUnitTestResultPrinter16OnTestPartResultERKNS_14TestPartResultE
stdout
fflush
_ZN7testing8internal30GetBoolAssertionFailureMessageERKNS_15AssertionResultEPKcS5_S5_
_ZN7testing8internal23FormatForFailureMessageEw
_ZNSo9_M_insertIyEERSoT_
_ZN7testing8internal16WideStringToUtf8EPKwi
wcslen
_ZN7testing8internal6String15ShowWideCStringEPKw
_ZN7testing8internal6String21ShowWideCStringQuotedEPKw
_ZN7testing7MessagelsERKSbIwSt11char_traitsIwESaIwEE
_ZN7testing8internal17AppendUserMessageERKNS0_6StringERKNS_7MessageE
_ZN7testing10TestResult20ClearTestPartResultsEv
_ZN7testing10TestResult5ClearEv
_ZNK7testing10TestResult15HasFatalFailureEv
_ZNK7testing10TestResult18HasNonfatalFailureEv
_ZNK7testing10TestResult16total_part_countEv
_ZNK7testing10TestResult17GetTestPartResultEi
_ZSt20__throw_out_of_rangePKc
_ZNK7testing10TestResult6FailedEv
_ZNK7testing10TestResult19test_property_countEv
_ZNK7testing10TestResult15GetTestPropertyEi
_ZN7testing4TestC2Ev
_ZN7testing8internal25ReportInvalidTestCaseTypeEPKcS2_i
stderr
__fprintf_chk
_ZNK7testing8TestInfo14test_case_nameEv
_ZNK7testing8TestInfo4nameEv
_ZNK7testing8TestInfo17test_case_commentEv
_ZNK7testing8TestInfo7commentEv
_ZNK7testing8TestInfo10should_runEv
_ZNK7testing8TestInfo14matches_filterEv
_ZNK7testing8TestInfo6resultEv
_ZN7testing8TestInfo26increment_death_test_countEv
_ZN7testing8internal12UnitTestImpl26RegisterParameterizedTestsEv
_ZN7testing8TestCaseC2EPKcS2_PFvvES4_
_ZTVN7testing8TestCaseE
_ZNK7testing8TestCase11GetTestInfoEi
_ZN7testing8TestCase18GetMutableTestInfoEi
_ZN7testing8TestCase11ClearResultEv
_ZN7testing8TestCase10TestPassedEPKNS_8TestInfoE
_ZNK7testing8TestCase21successful_test_countEv
_ZNK7testing8internal12UnitTestImpl21successful_test_countEv
_ZN7testing8TestCase10TestFailedEPKNS_8TestInfoE
_ZNK7testing8TestCase17failed_test_countEv
_ZNK7testing8internal12UnitTestImpl22failed_test_case_countEv
_ZNK7testing8internal12UnitTestImpl26successful_test_case_countEv
_ZNK7testing8internal12UnitTestImpl17failed_test_countEv
_ZN7testing8TestCase12TestDisabledEPKNS_8TestInfoE
_ZNK7testing8TestCase19disabled_test_countEv
_ZNK7testing8internal12UnitTestImpl19disabled_test_countEv
_ZN7testing8TestCase13ShouldRunTestEPKNS_8TestInfoE
_ZNK7testing8TestCase17test_to_run_countEv
_ZNK7testing8internal12UnitTestImpl17test_to_run_countEv
_ZN7testing8TestCase14UnshuffleTestsEv
_ZN7testing8internal16GetAnsiColorCodeENS0_10GTestColorE
_ZN7testing8internal14ShouldUseColorEb
getenv
_ZN7testing8internal13ColoredPrintfENS0_10GTestColorEPKcz
__vfprintf_chk
__printf_chk
__cxa_guard_acquire
fileno
isatty
__cxa_guard_release
__cxa_guard_abort
_ZN7testing8internal27PrettyUnitTestResultPrinter27OnEnvironmentsTearDownStartERKNS_8UnitTestE
_ZN7testing8internal27PrettyUnitTestResultPrinter24OnEnvironmentsSetUpStartERKNS_8UnitTestE
_ZN7testing8internal27PrettyUnitTestResultPrinter11OnTestStartERKNS_8TestInfoE
putchar
_ZN7testing8internal27PrettyUnitTestResultPrinter15OnTestCaseStartERKNS_8TestCaseE
_ZN7testing8internal17TestEventRepeater7ReleaseEPNS_17TestEventListenerE
memmove
_ZN7testing8internal24XmlUnitTestResultPrinterC2EPKc
fwrite
_ZN7testing8internal24XmlUnitTestResultPrinter9EscapeXmlEPKcb
_ZN7testing8internal24XmlUnitTestResultPrinter26RemoveInvalidXmlCharactersEPKc
_ZN7testing8internal27FormatTimeInMillisAsSecondsEx
_ZNSo9_M_insertIdEERSoT_
_ZN7testing8internal24XmlUnitTestResultPrinter21OutputXmlCDataSectionEPSoPKc
_ZNSo5writeEPKci
strstr
_ZN7testing8internal24XmlUnitTestResultPrinter29TestPropertiesAsXmlAttributesERKNS_10TestResultE
_ZN7testing8internal24XmlUnitTestResultPrinter17OutputXmlTestInfoEPSoPKcRKNS_8TestInfoE
_ZN7testing18TestEventListenersC2Ev
_ZN7testing18TestEventListenersD2Ev
_ZN7testing18TestEventListeners7ReleaseEPNS_17TestEventListenerE
_ZN7testing18TestEventListeners8repeaterEv
_ZNK7testing18TestEventListeners22EventForwardingEnabledEv
_ZN7testing18TestEventListeners23SuppressEventForwardingEv
_ZNK7testing8UnitTest26successful_test_case_countEv
_ZNK7testing8UnitTest22failed_test_case_countEv
_ZNK7testing8UnitTest21total_test_case_countEv
_ZNK7testing8UnitTest22test_case_to_run_countEv
_ZNK7testing8UnitTest21successful_test_countEv
_ZNK7testing8UnitTest17failed_test_countEv
_ZNK7testing8UnitTest19disabled_test_countEv
_ZNK7testing8UnitTest16total_test_countEv
_ZNK7testing8UnitTest17test_to_run_countEv
_ZNK7testing8UnitTest12elapsed_timeEv
_ZNK7testing8UnitTest6PassedEv
_ZNK7testing8UnitTest6FailedEv
_ZNK7testing8UnitTest11GetTestCaseEi
_ZN7testing8internal27PrettyUnitTestResultPrinter16PrintFailedTestsERKNS_8UnitTestE
_ZN7testing8UnitTest18GetMutableTestCaseEi
_ZN7testing8UnitTest9listenersEv
_ZN7testing14TestPartResultD2Ev
_ZN7testing14TestPartResultD1Ev
_ZN7testing12TestPropertyD2Ev
_ZN7testing12TestPropertyD1Ev
_ZNK7testing8UnitTest20original_working_dirEv
_ZNK7testing8UnitTest11random_seedEv
_ZN7testing8UnitTest27parameterized_test_registryEv
_ZN7testing8internal12UnitTestImpl32SuppressTestEventsIfInSubprocessEv
_ZN7testing8internal30WriteToShardStatusFileIfNeededEv
fopen
fclose
_ZN7testing8internal20ShouldRunTestOnShardEiii
_ZN7testing8internal12UnitTestImpl23ListTestsMatchingFilterEv
_ZN7testing8internal12UnitTestImpl25set_os_stack_trace_getterEPNS0_27OsStackTraceGetterInterfaceE
_ZN7testing8internal12UnitTestImpl19current_test_resultEv
_ZN7testing8internal12UnitTestImpl14UnshuffleTestsEv
_ZN7testing8internal6IsTrueEb
_ZN7testing15AssertionResultD2Ev
_ZN7testing16AssertionFailureERKNS_7MessageE
_ZN7testing15AssertionResultC1ERKS0_
_ZN7testing15AssertionResultD1Ev
_ZNKSs4findEPKcjj
_ZN7testing14IsNotSubstringEPKcS1_RKSsS3_
_ZN7testing11IsSubstringEPKcS1_RKSsS3_
_ZN7testing14IsNotSubstringEPKcS1_S1_S1_
_ZN7testing11IsSubstringEPKcS1_S1_S1_
_ZN7testing8internal18CmpHelperSTRCASENEEPKcS2_S2_S2_
_ZN7testing8internal14CmpHelperSTRNEEPKcS2_S2_S2_
_ZN7testing8internal20DoubleNearPredFormatEPKcS2_S2_ddd
_ZN7testing8internal9EqFailureEPKcS2_RKNS0_6StringES5_b
_ZN7testing8internal18CmpHelperSTRCASEEQEPKcS2_S2_S2_
_ZN7testing8internal14CmpHelperSTREQEPKcS2_S2_S2_
_ZN7testing8internal14CmpHelperSTREQEPKcS2_PKwS4_
_ZN7testing8internal14CmpHelperSTRNEEPKcS2_PKwS4_
wcsstr
_ZN7testing14IsNotSubstringEPKcS1_PKwS3_
_ZN7testing11IsSubstringEPKcS1_PKwS3_
_ZNKSbIwSt11char_traitsIwESaIwEE4findEPKwjj
_ZN7testing14IsNotSubstringEPKcS1_RKSbIwSt11char_traitsIwESaIwEES7_
_ZN7testing11IsSubstringEPKcS1_RKSbIwSt11char_traitsIwESaIwEES7_
_ZN7testing8internal10AlwaysTrueEv
__cxa_allocate_exception
__cxa_throw
_ZN7testing8internal10SkipPrefixEPKcPS2_
strncmp
_ZN7testing8internal14ParseFlagValueEPKcS2_b
_ZN7testing8internal13ParseBoolFlagEPKcS2_Pb
_ZN7testing8internal15ParseStringFlagEPKcS2_PNS0_6StringE
_ZN7testing14ExitedWithCodeC2Ei
_ZNK7testing14ExitedWithCodeclEi
_ZN7testing14KilledBySignalC2Ei
_ZNK7testing14KilledBySignalclEi
_ZN7testing8internal20ExitedUnsuccessfullyEi
_ZN7testing14ExitedWithCodeC1Ei
_ZN7testing8internal23GetLastErrnoDescriptionEv
__errno_location
strerror
_ZN7testing8internal9DeathTest11LastMessageEv
_ZN7testing8internal9DeathTest24last_death_test_message_E
_ZN7testing8internal9DeathTest27set_last_death_test_messageERKNS0_6StringE
_ZN7testing8internal9ArgumentsD2Ev
_ZN7testing8internal21StackLowerThanAddressEPKv
_ZN7testing8internal14StackGrowsDownEv
_ZNK7testing8internal8FilePath21FindLastPathSeparatorEv
strrchr
_ZNK7testing8internal8FilePath21FileOrDirectoryExistsEv
__xstat
_ZNK7testing8internal8FilePath15DirectoryExistsEv
_ZNK7testing8internal8FilePath15IsRootDirectoryEv
_ZNK7testing8internal8FilePath14IsAbsolutePathEv
_ZNK7testing8internal8FilePath11IsDirectoryEv
_ZNK7testing8internal8FilePath12CreateFolderEv
mkdir
_ZN7testing8internal8FilePath9NormalizeEv
memset
_ZNK7testing8internal8FilePath15RemoveExtensionEPKc
_ZN7testing8internal8FilePath13GetCurrentDirEv
getcwd
_ZNK7testing8internal8FilePath14RemoveFileNameEv
_ZNK7testing8internal8FilePath19RemoveDirectoryNameEv
_ZN7testing8internal24GetCurrentExecutableNameEv
_ZN7testing8internal17g_executable_pathE
_ZNK7testing8internal8FilePath27RemoveTrailingPathSeparatorEv
_ZN7testing8internal8FilePath11ConcatPathsERKS1_S3_
_ZN7testing8internal8FilePath12MakeFileNameERKS1_S3_iPKc
_ZN7testing8internal8FilePath22GenerateUniqueFileNameERKS1_S3_PKc
_ZNK7testing8internal8FilePath28CreateDirectoriesRecursivelyEv
_ZN7testing8internal14GetThreadCountEv
_ZN7testing8internal2RED2Ev
regfree
_ZN7testing8internal2RE9FullMatchEPKcRKS1_
regexec
_ZN7testing8internal2RE12PartialMatchEPKcRKS1_
_ZN7testing8internal8GTestLogC2ENS0_16GTestLogSeverityEPKci
_ZSt4cerr
_ZNSo5flushEv
_ZNKSt5ctypeIcE13_M_widen_initEv
_ZSt16__throw_bad_castv
_ZN7testing8internal8GTestLogD2Ev
_ZN7testing8internal5MutexD2Ev
pthread_mutex_destroy
_ZN7testing8internal8GTestLogC1ENS0_16GTestLogSeverityEPKci
_ZNSolsEi
_ZN7testing8internal8GTestLogD1Ev
_ZN7testing8internal12UnitTestImpl21os_stack_trace_getterEv
_ZTVN7testing8internal18OsStackTraceGetterE
pthread_mutex_init
_ZN7testing8internal9MutexBase6UnlockEv
pthread_mutex_unlock
_ZN7testing8internal6Random8GenerateEj
_ZNSo9_M_insertImEERSoT_
_ZN7testing10TestResultC2Ev
_ZN7testing8internal12TestInfoImplC2EPNS_8TestInfoEPKcS5_S5_S5_PKvPNS0_15TestFactoryBaseE
_ZN7testing10TestResultC1Ev
_ZN7testing8TestInfoC2EPKcS2_S2_S2_PKvPNS_8internal15TestFactoryBaseE
_ZN7testing8internal12TestInfoImplC1EPNS_8TestInfoEPKcS5_S5_S5_PKvPNS0_15TestFactoryBaseE
_ZN7testing10TestResultD2Ev
_ZN7testing8internal12TestInfoImplD2Ev
_ZN7testing10TestResultD1Ev
_ZN7testing8TestInfoD2Ev
_ZN7testing8internal12TestInfoImplD1Ev
_ZN7testing8TestCaseD2Ev
_ZN7testing8TestInfoD1Ev
_ZN7testing8TestCaseD0Ev
_ZN7testing8TestCaseD1Ev
_ZN7testing8internal18OsStackTraceGetterD2Ev
_ZN7testing8UnitTestD2Ev
_ZTVN7testing8UnitTestE
_ZN7testing8internal5MutexD1Ev
_ZN7testing8UnitTestD0Ev
_ZN7testing8UnitTestD1Ev
_ZN7testing8internal18OsStackTraceGetterD0Ev
_ZNK7testing8UnitTest17current_test_infoEv
pthread_mutex_lock
pthread_self
_ZNK7testing8UnitTest17current_test_caseEv
_ZN7testing8internal12UnitTestImpl31SetGlobalTestPartResultReporterEPNS_31TestPartResultReporterInterfaceE
_ZN7testing8internal12UnitTestImpl31GetGlobalTestPartResultReporterEv
_ZN7testing8internal38DefaultPerThreadTestPartResultReporter20ReportTestPartResultERKNS_14TestPartResultE
_ZN7testing8internal14CapturedStream11GetFileSizeEP8_IO_FILE
fseek
ftell
_ZN7testing8internal14CapturedStream14ReadEntireFileEP8_IO_FILE
fread
_ZN7testing8internal13CaptureStreamEiPKcPPNS0_14CapturedStreamE
mkstemp
_ZNSs6assignEPKcj
dup2
_ZN7testing8internal17GetCapturedStreamEPPNS0_14CapturedStreamE
remove
_ZN7testing8internal13CaptureStdoutEv
_ZN7testing8internal13CaptureStderrEv
_ZN7testing8internal17GetCapturedStdoutEv
_ZN7testing8internal17GetCapturedStderrEv
_ZN7testing8internal13DeathTestImpl6PassedEb
_ZN7testing8internal8GetArgvsEv
_ZN7testing8internal10ParseInt32ERKNS_7MessageEPKcPi
strtol
_ZN7testing8internal14ParseInt32FlagEPKcS2_Pi
_ZN7testing8internal17Int32FromEnvOrDieEPKci
_ZN7testing8internal12UnitTestImpl11FilterTestsENS1_18ReactionToShardingE
_ZN7testing8internal11ShouldShardEPKcS2_b
_ZN7testing8internal27PrettyUnitTestResultPrinter20OnTestIterationStartERKNS_8UnitTestEi
_ZN7testing8internal16BoolFromGTestEnvEPKcb
_ZN7testing8internal17Int32FromGTestEnvEPKci
_ZN7testing8internal18StringFromGTestEnvEPKcS2_
_ZN7testing14TestPartResult14ExtractSummaryEPKc
_ZN7testing8internal17kStackTraceMarkerE
_ZN7testinglsERSoRKNS_14TestPartResultE
_ZNK7testing19TestPartResultArray4sizeEv
_ZNK7testing19TestPartResultArray17GetTestPartResultEi
_ZN7testing8internal13HasOneFailureEPKcS2_S2_RKNS_19TestPartResultArrayENS_14TestPartResult4TypeES2_
_ZN7testing8internal19TypedTestCasePState25VerifyRegisteredTestNamesEPKciS3_
isspace
_ZSt18_Rb_tree_incrementPKSt18_Rb_tree_node_base
_ZSt18_Rb_tree_decrementPSt18_Rb_tree_node_base
_ZNSt15basic_stringbufIcSt11char_traitsIcESaIcEED2Ev
_ZN7testing8internal24XmlUnitTestResultPrinter16PrintXmlTestCaseEP8_IO_FILERKNS_8TestCaseE
_ZNSt8ios_baseC2Ev
_ZNSt9basic_iosIcSt11char_traitsIcEE4initEPSt15basic_streambufIcS1_E
_ZNSt6localeC1Ev
fputs
_ZNSt15basic_stringbufIcSt11char_traitsIcESaIcEED1Ev
_ZNSdD2Ev
_ZN7testing8internal24XmlUnitTestResultPrinter16PrintXmlUnitTestEP8_IO_FILERKNS_8UnitTestE
_ZN7testing8internal24XmlUnitTestResultPrinter18OnTestIterationEndERKNS_8UnitTestEi
_ZNSt15basic_stringbufIcSt11char_traitsIcESaIcEED0Ev
_ZN7testing8internal10scoped_ptrINS0_24InternalRunDeathTestFlagEE5resetEPS2_
_ZN7testing15AssertionResultlsINS_8internal6StringEEERS0_RKT_
_ZNK7testing15AssertionResultntEv
_ZN7testing8internal15FloatingPointLEIfEENS_15AssertionResultEPKcS4_T_S5_
_ZN7testing7FloatLEEPKcS1_ff
_ZN7testing8internal15FloatingPointLEIdEENS_15AssertionResultEPKcS4_T_S5_
_ZN7testing8DoubleLEEPKcS1_dd
_ZN7testing8internal18StreamableToStringIxEENS0_6StringERKT_
_ZNSo9_M_insertIxEERSoT_
_ZN7testing8internal27PrettyUnitTestResultPrinter18OnTestIterationEndERKNS_8UnitTestEi
_ZN7testing8internal27PrettyUnitTestResultPrinter13OnTestCaseEndERKNS_8TestCaseE
_ZN7testing8internal27PrettyUnitTestResultPrinter9OnTestEndERKNS_8TestInfoE
_ZN7testing8internal11CmpHelperGTEPKcS2_xx
_ZN7testing8internal11CmpHelperGEEPKcS2_xx
_ZN7testing8internal11CmpHelperLTEPKcS2_xx
_ZN7testing8internal11CmpHelperLEEPKcS2_xx
_ZN7testing8internal11CmpHelperNEEPKcS2_xx
_ZN7testing8internal11CmpHelperEQEPKcS2_xx
_ZN7testing8internal11ThreadLocalIPNS_31TestPartResultReporterInterfaceEED2Ev
pthread_getspecific
pthread_key_delete
_ZN7testing8internal10scoped_ptrINS0_16DeathTestFactoryEED2Ev
_ZN7testing8internal12ShuffleRangeIiEEvPNS0_6RandomEiiPSt6vectorIT_SaIS5_EE
_ZN7testing8TestCase12ShuffleTestsEPNS_8internal6RandomE
_ZN7testing8internal12UnitTestImpl12ShuffleTestsEv
_ZNSt6vectorISsSaISsEED2Ev
_ZN7testing8internal18ParseNaturalNumberIiEEbRKSsPT_
strtoull
_ZNSt6vectorIN7testing14TestPartResultESaIS1_EE13_M_insert_auxEN9__gnu_cxx17__normal_iteratorIPS1_S3_EERKS1_
_ZN7testing19TestPartResultArray6AppendERKNS_14TestPartResultE
_ZN7testing32ScopedFakeTestPartResultReporter20ReportTestPartResultERKNS_14TestPartResultE
_ZN7testing10TestResult17AddTestPartResultERKNS_14TestPartResultE
_ZN7testing8internal35DefaultGlobalTestPartResultReporter20ReportTestPartResultERKNS_14TestPartResultE
_ZNSt6vectorIN7testing12TestPropertyESaIS1_EE13_M_insert_auxEN9__gnu_cxx17__normal_iteratorIPS1_S3_EERKS1_
_ZNSt6vectorIPN7testing8TestInfoESaIS2_EE13_M_insert_auxEN9__gnu_cxx17__normal_iteratorIPS2_S4_EERKS2_
_ZNSt6vectorIiSaIiEE13_M_insert_auxEN9__gnu_cxx17__normal_iteratorIPiS1_EERKi
_ZN7testing8TestCase11AddTestInfoEPNS_8TestInfoE
_ZNSt6vectorIPN7testing17TestEventListenerESaIS2_EE13_M_insert_auxEN9__gnu_cxx17__normal_iteratorIPS2_S4_EERKS2_
_ZN7testing8internal17TestEventRepeater6AppendEPNS_17TestEventListenerE
_ZN7testing18TestEventListeners6AppendEPNS_17TestEventListenerE
_ZN7testing18TestEventListeners22SetDefaultXmlGeneratorEPNS_17TestEventListenerE
_ZN7testing18TestEventListeners23SetDefaultResultPrinterEPNS_17TestEventListenerE
_ZNSt6vectorIPN7testing11EnvironmentESaIS2_EE13_M_insert_auxEN9__gnu_cxx17__normal_iteratorIPS2_S4_EERKS2_
_ZN7testing8UnitTest14AddEnvironmentEPNS_11EnvironmentE
_ZNSt6vectorIN7testing8internal9TraceInfoESaIS2_EED2Ev
_ZN7testing8internal11ThreadLocalISt6vectorINS0_9TraceInfoESaIS3_EEED2Ev
_ZNSt6vectorIN7testing8internal9TraceInfoESaIS2_EED1Ev
_ZN7testing8internal12UnitTestImplC2EPNS_8UnitTestE
_ZTVN7testing8internal12UnitTestImplE
_ZN7testing8internal35DefaultGlobalTestPartResultReporterC1EPNS0_12UnitTestImplE
_ZN7testing8internal38DefaultPerThreadTestPartResultReporterC1EPNS0_12UnitTestImplE
pthread_key_create
_ZN7testing18TestEventListenersC1Ev
_ZTVN7testing8internal23DefaultDeathTestFactoryE
_ZN7testing8internal10scoped_ptrINS0_16DeathTestFactoryEED1Ev
_ZN7testing18TestEventListenersD1Ev
_ZN7testing8internal29ParameterizedTestCaseRegistryD1Ev
_ZN7testing8internal11ThreadLocalIPNS_31TestPartResultReporterInterfaceEED1Ev
_ZN7testing8internal11ThreadLocalISt6vectorINS0_9TraceInfoESaIS3_EEED1Ev
_ZN7testing8UnitTestC2Ev
_ZN7testing8internal12UnitTestImplC1EPNS_8UnitTestE
_ZN7testing8UnitTest11GetInstanceEv
_ZN7testing8UnitTestC1Ev
__cxa_atexit
_ZN7testing8internal15UnitTestOptions27GetAbsolutePathToOutputFileEv
_ZN7testing8internal12UnitTestImpl18ConfigureXmlOutputEv
_ZN7testing8internal24XmlUnitTestResultPrinterC1EPKc
_ZN7testing8internal9DeathTest6CreateEPKcPKNS0_2REES3_iPPS1_
_ZN7testing8internal14DeathTestAbortERKNS0_6StringE
fdopen
fputc
_exit
_ZN7testing8internal13DeathTestImplD2Ev
_ZTVN7testing8internal13DeathTestImplE
_ZN7testing8internal16ForkingDeathTestD2Ev
_ZTVN7testing8internal16ForkingDeathTestE
_ZN7testing8internal15NoExecDeathTestD2Ev
_ZN7testing8internal13ExecDeathTestD2Ev
_ZN7testing8internal16ForkingDeathTestD0Ev
_ZN7testing8internal13DeathTestImplD0Ev
_ZN7testing8internal13DeathTestImplD1Ev
_ZN7testing8internal13ExecDeathTestD0Ev
_ZN7testing8internal15NoExecDeathTestD0Ev
_ZN7testing8internal29ParseInternalRunDeathTestFlagEv
_ZNSsC1EPKcRKSaIcE
_ZNKSs4findEcj
_ZNSsC1ERKSsjj
_ZNSt6vectorISsSaISsEED1Ev
_ZN7testing8internal12UnitTestImpl19PostFlagParsingInitEv
_ZN7testing8internal13DeathTestImpl5AbortENS0_9DeathTest11AbortReasonE
_ZN7testing8internal13DeathTestImpl26ReadAndInterpretStatusByteEv
_ZN7testing8internal16ForkingDeathTest4WaitEv
waitpid
chdir
execve
_ZN7testing8internal9DeathTestC2Ev
_ZN7testing8internal16ForkingDeathTestC2EPKcPKNS0_2REE
_ZN7testing8internal23DefaultDeathTestFactory6CreateEPKcPKNS0_2REES3_iPPNS0_9DeathTestE
_ZTVN7testing8internal15NoExecDeathTestE
_ZTVN7testing8internal13ExecDeathTestE
_ZN7testing8internal31GetCurrentOsStackTraceExceptTopEPNS_8UnitTestEi
_ZN7testing4Test18HasNonfatalFailureEv
_ZN7testing4Test15HasFatalFailureEv
_ZN7testing8internal15NoExecDeathTest10AssumeRoleEv
pipe
fork
_ZN7testing8internal12UnitTestImplD2Ev
_ZN7testing8internal12UnitTestImplD0Ev
_ZN7testing8internal12UnitTestImplD1Ev
_ZNSt6vectorIPN7testing8TestCaseESaIS2_EE13_M_insert_auxEN9__gnu_cxx17__normal_iteratorIPS2_S4_EERKS2_
_ZN7testing8internal12UnitTestImpl11GetTestCaseEPKcS3_PFvvES5_
_ZN7testing8TestCaseC1EPKcS2_PFvvES4_
_ZN7testing8internal23MakeAndRegisterTestInfoEPKcS2_S2_S2_PKvPFvvES6_PNS0_15TestFactoryBaseE
_ZN7testing8TestInfoC1EPKcS2_S2_S2_PKvPNS_8internal15TestFactoryBaseE
_ZN7testing8internal18StreamableToStringIPcEENS0_6StringERKT_
_ZN7testing8internal28ParseGoogleTestFlagsOnlyImplIcEEvPiPPT_
_ZN7testing8internal11g_help_flagE
_ZN7testing8internal24ParseGoogleTestFlagsOnlyEPiPPc
_ZN7testing8internal18InitGoogleTestImplIcEEvPiPPT_
_ZN7testing8internal18g_init_gtest_countE
_ZN7testing14InitGoogleTestEPiPPc
_ZN7testing8internal18StreamableToStringIPwEENS0_6StringERKT_
_ZN7testing8internal28ParseGoogleTestFlagsOnlyImplIwEEvPiPPT_
_ZN7testing8internal24ParseGoogleTestFlagsOnlyEPiPPw
_ZN7testing8internal18InitGoogleTestImplIwEEvPiPPT_
_ZN7testing14InitGoogleTestEPiPPw
_ZNSt6vectorIPcSaIS0_EE13_M_insert_auxEN9__gnu_cxx17__normal_iteratorIPS0_S2_EERKS0_
_ZN7testing8internal13ExecDeathTest10AssumeRoleEv
fcntl
strdup
getpagesize
mmap
clone
munmap
_ZN7testing8internal9ArgumentsD1Ev
_ZN7testing8internal27CheckedDowncastToActualTypeINS0_11ThreadLocalISt6vectorINS0_9TraceInfoESaIS4_EEE11ValueHolderENS0_26ThreadLocalValueHolderBaseEEEPT_PT0_
_ZTSN7testing8internal11ThreadLocalISt6vectorINS0_9TraceInfoESaIS3_EEE11ValueHolderE
_ZTIN7testing8internal11ThreadLocalISt6vectorINS0_9TraceInfoESaIS3_EEE11ValueHolderE
_ZTIN7testing8internal26ThreadLocalValueHolderBaseE
__dynamic_cast
__cxa_bad_typeid
_ZN7testing8internal27CheckedDowncastToActualTypeINS0_11ThreadLocalIPNS_31TestPartResultReporterInterfaceEE11ValueHolderENS0_26ThreadLocalValueHolderBaseEEEPT_PT0_
_ZTSN7testing8internal11ThreadLocalIPNS_31TestPartResultReporterInterfaceEE11ValueHolderE
_ZTIN7testing8internal11ThreadLocalIPNS_31TestPartResultReporterInterfaceEE11ValueHolderE
_ZN7testing8internal12UnitTestImpl41GetTestPartResultReporterForCurrentThreadEv
_ZTVN7testing8internal11ThreadLocalIPNS_31TestPartResultReporterInterfaceEE11ValueHolderE
pthread_setspecific
_ZN7testing8internal12UnitTestImpl41SetTestPartResultReporterForCurrentThreadEPNS_31TestPartResultReporterInterfaceE
_ZN7testing8internal24HasNewFatalFailureHelperD2Ev
_ZTVN7testing8internal24HasNewFatalFailureHelperE
_ZN7testing8internal24HasNewFatalFailureHelperD0Ev
_ZN7testing8internal24HasNewFatalFailureHelperD1Ev
_ZN7testing8internal24HasNewFatalFailureHelperC2Ev
_ZN7testing32ScopedFakeTestPartResultReporterD2Ev
_ZTVN7testing32ScopedFakeTestPartResultReporterE
_ZN7testing32ScopedFakeTestPartResultReporterD0Ev
_ZN7testing32ScopedFakeTestPartResultReporterD1Ev
_ZN7testing32ScopedFakeTestPartResultReporter4InitEv
_ZN7testing32ScopedFakeTestPartResultReporterC2ENS0_13InterceptModeEPNS_19TestPartResultArrayE
_ZN7testing32ScopedFakeTestPartResultReporterC2EPNS_19TestPartResultArrayE
_ZSt8_DestroyIPN7testing8internal9TraceInfoEEvT_S4_
_ZNSt6vectorIN7testing8internal9TraceInfoESaIS2_EE13_M_insert_auxEN9__gnu_cxx17__normal_iteratorIPS2_S4_EERKS2_
_ZNK7testing8internal11ThreadLocalISt6vectorINS0_9TraceInfoESaIS3_EEE16GetOrCreateValueEv
_ZSt17__throw_bad_allocv
_ZN7testing8UnitTest13PopGTestTraceEv
_ZN7testing8internal11ScopedTraceD2Ev
_ZN7testing8UnitTest14PushGTestTraceERKNS_8internal9TraceInfoE
_ZN7testing8internal11ScopedTraceC2EPKciRKNS_7MessageE
_ZN7testing8UnitTest17AddTestPartResultENS_14TestPartResult4TypeEPKciRKNS_8internal6StringES8_
_ZNSt13runtime_errorC2ERKSs
_ZN7testing26GoogleTestFailureExceptionD1Ev
_ZTIN7testing26GoogleTestFailureExceptionE
__cxa_free_exception
_ZN7testing8internal30ReportFailureInUnknownLocationENS_14TestPartResult4TypeERKNS0_6StringE
_ZNK7testing8internal12AssertHelperaSERKNS_7MessageE
_ZN7testing8internal2RE4InitEPKc
__snprintf_chk
regcomp
_ZN7testing8internal12AssertHelperC1ENS_14TestPartResult4TypeEPKciS5_
_ZN7testing8internal12AssertHelperD1Ev
_ZN7testing4Test19HasSameFixtureClassEv
_ZN7testing4Test3RunEv
_ZN7testing8internal12TestInfoImpl3RunEv
_ZN7testing8TestCase3RunEv
_ZN7testing8internal12UnitTestImpl11RunAllTestsEv
_ZN7testing8UnitTest3RunEv
_ZN7testing10TestResult20ValidateTestPropertyERKNS_12TestPropertyE
_ZN7testing10TestResult14RecordPropertyERKNS_12TestPropertyE
_ZN7testing8UnitTest28RecordPropertyForCurrentTestEPKcS2_
_ZN7testing4Test14RecordPropertyEPKcS2_
_ZN7testing4Test14RecordPropertyEPKci
_ZN7testing8internal20SingleFailureCheckerD2Ev
_ZNSt8ios_base4InitC1Ev
_ZNSt8ios_base4InitD1Ev
_ZN7testing8internal23kTestTypeIdInGoogleTestE
_ZNSt6vectorIN7testing8internal6StringESaIS2_EED1Ev
_ZTSN7testing8internal23DefaultDeathTestFactoryE
_ZTIN7testing8internal23DefaultDeathTestFactoryE
_ZTVN10__cxxabiv120__si_class_type_infoE
_ZTIN7testing8internal16DeathTestFactoryE
_ZTSN7testing8internal24HasNewFatalFailureHelperE
_ZTIN7testing8internal24HasNewFatalFailureHelperE
_ZTIN7testing31TestPartResultReporterInterfaceE
_ZTSN7testing4TestE
_ZTIN7testing4TestE
_ZTVN10__cxxabiv117__class_type_infoE
_ZTSN7testing8TestCaseE
_ZTIN7testing8TestCaseE
_ZTSN7testing8UnitTestE
_ZTIN7testing8UnitTestE
_ZTSN7testing32ScopedFakeTestPartResultReporterE
_ZTIN7testing32ScopedFakeTestPartResultReporterE
_ZTSN7testing8internal18OsStackTraceGetterE
_ZTIN7testing8internal18OsStackTraceGetterE
_ZTIN7testing8internal27OsStackTraceGetterInterfaceE
_ZTSN7testing8internal35DefaultGlobalTestPartResultReporterE
_ZTIN7testing8internal35DefaultGlobalTestPartResultReporterE
_ZTSN7testing8internal38DefaultPerThreadTestPartResultReporterE
_ZTIN7testing8internal38DefaultPerThreadTestPartResultReporterE
_ZTSN7testing8internal12UnitTestImplE
_ZTIN7testing8internal12UnitTestImplE
_ZTSN7testing8internal27PrettyUnitTestResultPrinterE
_ZTIN7testing8internal27PrettyUnitTestResultPrinterE
_ZTIN7testing17TestEventListenerE
_ZTSN7testing8internal17TestEventRepeaterE
_ZTIN7testing8internal17TestEventRepeaterE
_ZTSN7testing8internal24XmlUnitTestResultPrinterE
_ZTIN7testing8internal24XmlUnitTestResultPrinterE
_ZTIN7testing22EmptyTestEventListenerE
_ZTSN7testing8internal13DeathTestImplE
_ZTIN7testing8internal13DeathTestImplE
_ZTIN7testing8internal9DeathTestE
_ZTSN7testing8internal16ForkingDeathTestE
_ZTIN7testing8internal16ForkingDeathTestE
_ZTSN7testing8internal15NoExecDeathTestE
_ZTIN7testing8internal15NoExecDeathTestE
_ZTSN7testing8internal13ExecDeathTestE
_ZTIN7testing8internal13ExecDeathTestE
_ZN7testing8internal35DefaultGlobalTestPartResultReporterD1Ev
_ZN7testing8internal38DefaultPerThreadTestPartResultReporterD1Ev
__cxa_pure_virtual
_ZN7testing8internal27PrettyUnitTestResultPrinterD1Ev
_ZN7testing8internal24XmlUnitTestResultPrinterD1Ev
_ZN7testing8internal18OsStackTraceGetterD1Ev
_ZN7testing8internal16ForkingDeathTestD1Ev
_ZN7testing8internal15NoExecDeathTestD1Ev
_ZN7testing8internal13ExecDeathTestD1Ev
_ZN7testing8internal23DefaultDeathTestFactoryD1Ev
_ZN7testing8internal18OsStackTraceGetter19kElidedFramesMarkerE
_ZN7testing8internal18g_linked_ptr_mutexE
_ZN7testing38FLAGS_gtest_show_internal_stack_framesE
_ZN7testing8internal16DeathTestFactoryD1Ev
_ZTSN7testing8internal16DeathTestFactoryE
_ZN7testing8internal9DeathTestD1Ev
_ZTSN7testing8internal9DeathTestE
_ZN7testing31TestPartResultReporterInterfaceD1Ev
_ZTSN7testing31TestPartResultReporterInterfaceE
_ZN7testing17TestEventListenerD1Ev
_ZTSN7testing17TestEventListenerE
_ZTSN7testing22EmptyTestEventListenerE
_ZTVN7testing22EmptyTestEventListenerE
_ZN7testing22EmptyTestEventListenerD1Ev
_ZN7testing8internal27OsStackTraceGetterInterfaceD1Ev
_ZTSN7testing8internal27OsStackTraceGetterInterfaceE
_ZN7testing8internal26ThreadLocalValueHolderBaseD1Ev
_ZN7testing8internal11ThreadLocalIPNS_31TestPartResultReporterInterfaceEE11ValueHolderD1Ev
_ZTSN7testing8internal26ThreadLocalValueHolderBaseE
_ZNKSt13runtime_error4whatEv
_ZTSN7testing26GoogleTestFailureExceptionE
_ZTISt13runtime_error
_ZN7testing8internal11ThreadLocalISt6vectorINS0_9TraceInfoESaIS3_EEE11ValueHolderD1Ev
pthread_cancel
_ZN7testing8internal20SingleFailureCheckerC1EPKNS_19TestPartResultArrayENS_14TestPartResult4TypeEPKc
_ZN7testing4TestC1Ev
_ZN7testing14KilledBySignalC1Ei
_ZN7testing8internal2RED1Ev
_ZN7testing8internal9DeathTestC1Ev
_ZN7testing8internal16ForkingDeathTestC1EPKcPKNS0_2REE
_ZN7testing8internal24HasNewFatalFailureHelperC1Ev
_ZN7testing32ScopedFakeTestPartResultReporterC1ENS0_13InterceptModeEPNS_19TestPartResultArrayE
_ZN7testing32ScopedFakeTestPartResultReporterC1EPNS_19TestPartResultArrayE
_ZN7testing8internal11ScopedTraceD1Ev
_ZN7testing8internal11ScopedTraceC1EPKciRKNS_7MessageE
_ZN7testing8internal20SingleFailureCheckerD1Ev
_ZN6cvtest9ArrayTest21prepare_to_validationEi
_ZN6cvtest9ArrayTest23get_success_error_levelEiii
cvGetElemType
_ZN6cvtest9ArrayTest17get_minmax_boundsEiiiRN2cv7Scalar_IdEES4_
_ZN6cvtest9getMinValEi
_ZN6cvtest9getMaxValEi
_ZN6cvtest9ArrayTest30get_test_array_types_and_sizesEiRSt6vectorIS1_IN2cv5Size_IiEESaIS4_EESaIS6_EERS1_IS1_IiSaIiEESaISB_EE
_ZN6cvtest9ArrayTest5clearEv
cvRelease
_ZN6cvtest8BaseTest5clearEv
_ZN6cvtest9ArrayTest11read_paramsEP13CvFileStorage
_ZN6cvtest8BaseTest11read_paramsEP13CvFileStorage
_ZN6cvtest8BaseTest10find_paramEP13CvFileStoragePKc
_ZSt20__throw_length_errorPKc
_ZN6cvtest9ArrayTest21validate_test_resultsEi
_ZN6cvtest6cmpEpsERKN2cv3MatES3_PddPSt6vectorIiSaIiEEb
_ZN6cvtest7vec2strERKSsPKij
_ZN6cvtest11getTypeNameEi
__sprintf_chk
_ZN2cv8fastFreeEPv
_ZN2cv3Mat10deallocateEv
_ZN2cv3MatD2Ev
_ZN6cvtest9ArrayTest10fill_arrayEiiiRN2cv3MatE
_ZN6cvtest7randUniERN2cv3RNGERNS0_3MatERKNS0_7Scalar_IdEES8_
_ZN6cvtest4copyERKN2cv3MatERS1_S3_b
_ZN2cv3MatD1Ev
_ZNSt6vectorIS_IPvSaIS0_EESaIS2_EED2Ev
_ZNSt6vectorIS_IN2cv3MatESaIS1_EESaIS3_EED2Ev
_ZN6cvtest9ArrayTestD2Ev
_ZTVN6cvtest9ArrayTestE
_ZN6cvtest8BaseTestD2Ev
_ZNSt6vectorIS_IN2cv3MatESaIS1_EESaIS3_EED1Ev
_ZNSt6vectorIS_IPvSaIS0_EESaIS2_EED1Ev
_ZN6cvtest9ArrayTestD0Ev
_ZN6cvtest9ArrayTestD1Ev
_ZNSt6vectorIPvSaIS0_EED2Ev
_ZNSt6vectorIS_IN2cv5Size_IiEESaIS2_EESaIS4_EED2Ev
_ZNSt6vectorIN2cv3MatESaIS1_EED2Ev
_ZNSt6vectorIiSaIiEE14_M_fill_insertEN9__gnu_cxx17__normal_iteratorIPiS1_EEjRKi
_ZSt8_DestroyIPN2cv3MatEEvT_S3_
_ZNSt6vectorIN2cv3MatESaIS1_EE14_M_fill_insertEN9__gnu_cxx17__normal_iteratorIPS1_S3_EEjRKS1_
_ZN2cv3Mat8copySizeERKS0_
_ZNSt6vectorIPvSaIS0_EEaSERKS2_
_ZN6cvtest9ArrayTestC2Ev
_ZN6cvtest8BaseTestC2Ev
_ZNSt6vectorIPvSaIS0_EED1Ev
_ZNSt6vectorIN2cv3MatESaIS1_EEaSERKS3_
_ZNSt6vectorIS_IN2cv3MatESaIS1_EESaIS3_EE14_M_fill_insertEN9__gnu_cxx17__normal_iteratorIPS3_S5_EEjRKS3_
_ZNSt6vectorIN2cv3MatESaIS1_EED1Ev
_ZN6cvtest9ArrayTest17prepare_test_caseEi
cvCreateImage
cvCreateMat
cvGetSubRect
_ZN2cv10cvarrToMatEPKvbbi
cvSetImageROI
_ZNSt6vectorIS_IN2cv5Size_IiEESaIS2_EESaIS4_EED1Ev
_ZTSN6cvtest9ArrayTestE
_ZTIN6cvtest9ArrayTestE
_ZTIN6cvtest8BaseTestE
_ZN6cvtest8BaseTest3runEi
_ZN6cvtest8BaseTest8safe_runEi
_ZN6cvtest8BaseTest19can_do_fast_forwardEv
_ZN6cvtest8BaseTest19get_test_case_countEv
_ZN6cvtest8BaseTest8run_funcEv
_ZN6cvtest8BaseTest15update_progressEiiid
_ZN6cvtest9ArrayTestC1Ev
_ZN2cv9ExceptionC1EiRKSsS2_S2_i
_ZN2cv5errorERKNS_9ExceptionE
_ZN2cv9ExceptionD1Ev
_ZN2cv9Formatter3getEPKc
_ZN2cv3Mat6createEiPKii
_ZN2cv15NAryMatIteratorC1EPPKNS_3MatEPS1_i
_ZN2cv15NAryMatIteratorppEv
_ZN2cv3MataSERKS0_
_ZNK2cv3Mat5emptyEv
_ZN6cvtest10typeByNameEPKc
_ZNSs6appendERKSs
_ZN6cvtest10randomSizeERN2cv3RNGEd
_ZN6cvtest10randomTypeERN2cv3RNGEiii
_ZN6cvtest9randomMatERN2cv3RNGENS0_5Size_IiEEiddb
_ZTVN2cv11_InputArrayE
_ZN2cv12_OutputArrayC1ERNS_3MatE
_ZN2cv3RNG4fillERKNS_12_OutputArrayEiRKNS_11_InputArrayES6_
_ZN2cv3MatC1ERKS0_RKNS_5Rect_IiEE
_ZN6cvtest9randomMatERN2cv3RNGERKSt6vectorIiSaIiEEiddb
_ZN2cv3MatC1ERKS0_PKNS_5RangeE
_ZN6cvtest3addERKN2cv3MatEdS3_dNS0_7Scalar_IdEERS1_ib
_ZN2cv15scalarToRawDataERKNS_7Scalar_IdEEPvii
_ZN2cv3MatC1ERKS0_RKNS_5RangeES5_
_ZNK2cv3Mat9convertToERKNS_12_OutputArrayEidd
_ZN6cvtest3setERN2cv3MatERKNS0_7Scalar_IdEERKS1_
_ZN6cvtest6insertERKN2cv3MatERS1_i
_ZN6cvtest7extractERKN2cv3MatERS1_i
_ZN6cvtest9transposeERKN2cv3MatERS1_
_ZN2cv7MatExprD2Ev
_ZN6cvtest14copyMakeBorderERKN2cv3MatERS1_iiiiiRKNS0_7Scalar_IdEE
_ZN6cvtest6dilateERKN2cv3MatERS1_S3_NS0_6Point_IiEEiRKNS0_7Scalar_IdEE
_ZN2cv3Mat4onesEiii
_ZN2cv7MatExprD1Ev
_ZN6cvtest5erodeERKN2cv3MatERS1_S3_NS0_6Point_IiEEiRKNS0_7Scalar_IdEE
_ZN6cvtest4normERKN2cv3MatEiS3_
sqrt
_ZN6cvtest4normERKN2cv3MatES3_iS3_
_ZN6cvtest9crossCorrERKN2cv3MatES3_
_ZN6cvtest7logicOpERKN2cv3MatES3_RS1_c
_ZN6cvtest7logicOpERKN2cv3MatERKNS0_7Scalar_IdEERS1_c
_ZN6cvtest7compareERKN2cv3MatES3_RS1_i
_ZN6cvtest7compareERKN2cv3MatEdRS1_i
_ZN6cvtest11cmpUlpsInt_IiEEdPKT_S3_jijRj
_ZN6cvtest4gemmERKN2cv3MatES3_dS3_dRS1_i
_ZNK2cv3Mat6copyToERKNS_12_OutputArrayE
_ZN6cvtest13cvTsCrossCorrEPK5CvMatS2_
_ZN6cvtest9transformERKN2cv3MatERS1_S3_S3_
_ZNK2cv3Mat7reshapeEii
_ZN6cvtest3minERKN2cv3MatES3_RS1_
_ZN6cvtest3maxERKN2cv3MatES3_RS1_
_ZN6cvtest3minERKN2cv3MatEdRS1_
_ZN6cvtest3maxERKN2cv3MatEdRS1_
_ZN6cvtest8multiplyERKN2cv3MatES3_RS1_d
_ZN6cvtest6divideERKN2cv3MatES3_RS1_d
_ZN6cvtest4meanERKN2cv3MatES3_
_ZN6cvtest10patchZerosERN2cv3MatEd
_ZN6cvtest16initUndistortMapERKN2cv3MatES3_NS0_5Size_IiEERS1_S6_
_ZN6cvtestlsERSoRKNS_7MatInfoE
_ZNSt9basic_iosIcSt11char_traitsIcEE5clearESt12_Ios_Iostate
_ZN6cvtest13MatComparatorC2Edi
_Z8cvTsZeroP5CvMatPKS_
_ZN6cvtest9convertToItEEvPKT_Pvijdd
_ZN6cvtest9convertToIsEEvPKT_Pvijdd
_ZN6cvtest9convertToIiEEvPKT_Pvijdd
_ZN6cvtest9convertToIfEEvPKT_Pvijdd
_ZN6cvtest9convertToIdEEvPKT_Pvijdd
_ZN6cvtest7convertERKN2cv3MatERS1_idd
_Z11cvTsConvertPK5CvMatPS_
_ZN6cvtest8filter2DERKN2cv3MatERS1_iS3_NS0_6Point_IiEEdiRKNS0_7Scalar_IdEE
_ZN7testing15AssertionResultlsIPKcEERS0_RKT_
_ZN7testing15AssertionResultlsIA4_cEERS0_RKT_
_ZN7testing15AssertionResultlsIA2_cEERS0_RKT_
_ZN7testing15AssertionResultlsIdEERS0_RKT_
_ZN7testing15AssertionResultlsIA3_cEERS0_RKT_
_ZN7testing15AssertionResultlsIN2cv3MatEEERS0_RKT_
_ZN7testing8internal10scoped_ptrINS0_6StringEE5resetEPS2_
_ZN6cvtest17calcSobelKernel2DEiiii
_ZN6cvtest19calcLaplaceKernel2DEi
_ZN6cvtest10randomSizeERN2cv3RNGEiidRSt6vectorIiSaIiEE
_ZN6cvtest13MatComparatorclEPKcS2_RKN2cv3MatES6_
_ZN6cvtest7cmpEps2EPNS_2TSERKN2cv3MatES5_dbPKc
_ZN6cvtest11cmpEps2_64fEPNS_2TSEPKdS3_idPKc
_ZN6cvtest5checkERKN2cv3MatEddPSt6vectorIiSaIiEE
_ZN6cvtest7cmpUlpsERKN2cv3MatES3_iPdPSt6vectorIiSaIiEE
_ZN6cvtest9minMaxLocERKN2cv3MatEPdS4_PSt6vectorIiSaIiEES8_S3_
_ZN6cvtest13MatComparatorC1Edi
_ZN6cvtest8BaseTest17prepare_test_caseEi
_ZN6cvtest8BaseTest21validate_test_resultsEi
_ZN6cvtest2TS20set_failed_test_infoEi
_ZN6cvtest2TS6printfEiPKcz
_ZN6cvtest10BadArgTest13run_test_caseEiRKSs
_ZN2cv12getTickCountEv
cvGetTickCount
_ZN2cv16getTickFrequencyEv
_ZN6cvtest13signalHandlerEi
__longjmp_chk
_ZN6cvtest2TSD2Ev
_ZTVN6cvtest2TSE
_ZN6cvtest2TSD0Ev
_ZN6cvtest2TSD1Ev
_ZTVN6cvtest8BaseTestE
_ZN6cvtest10BadArgTestD2Ev
_ZTVN6cvtest10BadArgTestE
_ZN6cvtest10BadArgTestD0Ev
_ZN6cvtest10BadArgTestD1Ev
_ZN6cvtest8BaseTestD0Ev
_ZN6cvtest8BaseTestD1Ev
_ZN6cvtest2TS14update_contextEPNS_8BaseTestEib
cvSetErrStatus
_ZN6cvtest2TS4initERKSs
cvSetErrMode
cvStdErrReport
cvRedirectError
signal
cvGuiBoxReport
_ZN2cv15setUseOptimizedEb
_ZN6cvtest2TS7vprintfEiPKcPc
_ZN6cvtest8readSeedEPKc
tolower
isxdigit
cvGetFileNodeByName
_ZN6cvtest8TSParamsC2Ev
_ZN6cvtest8TestInfoC2Ev
_ZN6cvtest2TSC2Ev
_ZN6cvtest8TestInfoC1Ev
_ZN6cvtest8TSParamsC1Ev
_ZN6cvtest2TS13str_from_codeEi
_ZN6cvtest2TS16get_file_storageEv
_setjmp
_ZTIi
cvErrorStr
_ZN6cvtest2TS3ptrEv
_ZN6cvtest2tsE
_ZN6cvtest10BadArgTestC2Ev
_ZN6cvtest2TS16set_gtest_statusEv
_ZNSs6appendEPKcj
_ZNSs7reserveEj
_ZN6cvtest2TSC1Ev
_ZTSN6cvtest8BaseTestE
_ZTSN6cvtest2TSE
_ZTIN6cvtest2TSE
_ZTSN6cvtest10BadArgTestE
_ZTIN6cvtest10BadArgTestE
_ZN6cvtest8BaseTestC1Ev
_ZN6cvtest10BadArgTestC1Ev
_ZTIN2cv9ExceptionE
libdl.so.2
libpthread.so.0
librt.so.1
libtbb.so.2
libopencv_core.so.2.3
libm.so.6
libz.so.1
libstdc++.so.6
libgcc_s.so.1
libc.so.6
__environ
__stack_chk_fail
_edata
__bss_start
_end
libopencv_ts.so.2.3
GCC_3.0
GLIBC_2.0
GLIBCXX_3.4.9
GLIBCXX_3.4.11
CXXABI_1.3
GLIBCXX_3.4
GLIBC_2.4
GLIBC_2.1
GLIBC_2.3.4
GLIBC_2.11
GLIBC_2.1.3
UWVS
d$,[^_]
UWVS
[^_]
UWVS
[^_]
d$ ^_]
t$0t
[^_]
9t$0t
9t$0u
T$Dtq
UWVS
[^_]
UWVS
[^_]
d$<[^_]
d$L[^_]
D$,t7
d$L[^_]
9|$$u
T$@tU
UWVS
d$,[^_]
t$0t(
[^_]
9t$0t
9t$0u
d$<[^_]
d$<[^_]
UWVS
[^_]
<?tD8
BX+BT
[^_]
d$8[
l$(tI
9D$Dt
D$@1
D$@1
t$ x.
t$Pt|
t$ t-
UWVS
[^_]
UWVS
T$<9
[^_]
d$<[^_]
UWVS
L$,t
D$81
d$L[^_]
|$(u
UWVS
[^_]
UWVS
T$L1
T$Le3
d$\[^_]
UWVS
l$4u
[^_]
|$0tI
|$0tQ
UWVS
l$4)
L$81
T$$u%
9|$ 
d$L[^_]
9|$ u
d$L[^_]
D$(1
d$<[^_]
UWVS
d$,[^_]
UWVS
d$,[^_]
B +B
|$ x1
B,+B(
|$ x1
UWVS
d$,[^_]
UWVS
ED$d
l$0xy
d$L[^_]
wl;wpt
;wpu
[^_]
[^_]
[^_]
[^_]
[^_]
[^_]
[^_]
[^_]
[^_]
[^_]
UWVS
tP<Dt
<Rt0<Gtd<Yf
d$<[^_]
UWVS
UWVS
T$,f
D$81
T$$u
;|$8t1
;|$8u
d$L[^_]
D$?'
D$?"
UWVS
[^_]
UWVS
[^_]
UWVS
d$,[^_]
UWVS
D$(f
9D$ 
d$L[^_]
UWVS
d$|[^_]
d$|[^_]
T$$9P
t+9P
UWVS
d$,[^_]
 ;|$
[^_]
t$0tH
[^_]
9t$0t
9t$0u
UWVS
d$,[^_]
UWVS
D$81
;t$0t
d$L[^_]
T$,1
T$,1
T$,1
T$,1
T$,1
T$,1
T$,1
T$,1
T$,1
T$,1
T$,1
T$,1
T$,1
T$,1
T$,1
[^_]
T$,1
T$,1
T$,1
T$,1
T$,1
T$,1
T$,1
T$,1
T$,1
T$,1
T$,1
T$,1
L$,1
T$,1
[^_]
UWVS
[^_]
d$,[^_]
UWVS
[^_]
d$,[^_]
UWVS
T$<1
T$<1
T$<1
T$<1
T$<1
T$<1
T$<1
T$<1
T$<1
T$<1
T$<1
T$<1
T$<1
T$<1
T$<1
T$<1
T$<1
T$<1
T$<1
T$<1
[^_]
d$L[^_]
UWVS
T$<1
T$<1
T$<1
T$<1
T$<1
T$<1
T$<1
T$<1
d$L[^_]
UWVS
T$,1
T$,1
T$,1
T$,1
T$,1
T$,1
T$,1
[^_]
d$<[^_]
9D$l
T$<1
T$<1
T$<1
T$<1
T$<1
T$<1
T$<1
T$<1
T$<1
T$<1
T$<1
T$<1
T$<1
[^_]
T$,1
T$,1
T$,1
T$,1
d$<[^_]
d$41
d$([
d$x[
D$(%
UWVS
d$,[^_]
d$,[^_]
UWVS
[^_]
d$8[
d$8[
UWVS
d$<[^_]
l$8%
[^_]
UWVS
d$,[^_]
d$,[^_]
d$$[^
UWVS
[^_]
UWV1
[^_]
UWVS
|$te
D$L1
D$0/tmp
D$4/cap
D$8ture
D$<d_st
D$@ream
D$D.XXX
D$HXXX
D$Le3
d$\[^_]
T$,1
T$,1
UWVS
9D$,
d$L[^_]
d$L[^_]
l$ht
T$H1
T$H1
T$H1
T$H1
T$H1
T$H1
T$L1
T$L1
T$L1
T$L1
T$L1
T$L1
UWVS
d$<[^_]
T$<1
D|$4
t$@tK
UWVS
[^_]
|$ x
UWVS
T$,1
T$,1
T$,1
T$,1
T$,1
d$<[^_]
T$,1
T$,1
T$,1
T$,1
T$,1
T$,1
T$,1
T$,1
T$,1
UWVS
D$<f
+t$4
;|$,
D$0u
D$0u 
9D$0
D$<9p
D$4t$
;l$,
D$09
[^_]
t$X9p
UWVS
9D$,
[^_]
UWVS
d$L[^_]
l$49/
t$ t7
UWVS
D$P;p
d$<[^_]
UWVS
[^_]
UWVS
D$,%
T$(=
T$<x
9T$<
9D$8
|$<)
[^_]
+D$8
UWVS
d$\[^_]
d$4[^
UWVS
L$l9
[^_]
T$<1
T$<1
T$<1
T$<1
T$<1
T$<1
T$<1
[^_]
UWVS
L$l9
[^_]
T$<1
T$<1
T$<1
T$<1
T$<1
T$<1
T$<1
[^_]
UWVS
L$l9
[^_]
T$<1
T$<1
T$<1
T$<1
T$<1
T$<1
T$<1
[^_]
UWVS
L$l9
[^_]
T$<1
T$<1
T$<1
T$<1
T$<1
T$<1
T$<1
[^_]
UWVS
[^_]
T$<1
T$<1
T$<1
T$<1
T$<1
T$<1
T$<1
[^_]
L$$1
UWVS
9|$T
9l$T
+|$T
d$<[^_]
B$+B 
UWVS
GX+GT
[^_]
UWVS
d$<[^_]
UWVS
+T$d
d$L[^_]
d$L[^_]
t$d)
u ;u$
UWVS
+D$T
d$<[^_]
d$<[^_]
t$T)
l$HtU1
l$HtM
d$$[^
l$HtU1
l$HtU1
JL;JPt"1
UWVS
[^_]
UWVS
d$,[^_]
UWVS
d$<[^_]
UWVS
[^_]
[^_]
d$([
UWVS
d$<[^_]
UWVS
T$0;T$4t
D$$9
D$4t&
D$$)
|$ 9
d$|[^_]
T$0;T$4
d$|[^_]
l$(t
UWVS
d$\[^_]
D$L<L
d$L[^_]
D$,f
d$L[^_]
UWVS
[^_]
[^_]
UWVS
B u[
[^_]
d$|1
[^_]
UWVS
d$,[^_]
l$HtU1
UWVS
l$,)
T$(t
L$(t
T$(t
D$,)
9pXtt
d$l[^_]
Et$,
RX;Q\t
BX;B\t
T$\t 
d$l[^_]
UWVS
D$p98
d$\[^_]
UWVS
d$<[^_]
d$<[^_]
UWVS
D$(1
d$<[^_]
UWVS
D$p98
d$\[^_]
UWVS
d$<[^_]
d$<[^_]
l$HtU1
UWVS
D$$t#
D$(f
t$<;t$@
[^_]
<$t(
|$$9
t$0t9
[^_]
UWVS
+T$T
d$<[^_]
d$<[^_]
UWVS
[^_]
d$<[
UWVS
[^_]
L$$u!
UWVS
D$8t#
d$\[^_]
T$L1
T$L1
UWVS
;l$,
T$<1
T$<1
T$<1
T$<1
T$<1
T$<1
T$<1
T$<1
T$<1
T$<1
T$<1
T$<1
D$<1
T$41
T$41
T$41
T$41
T$41
T$41
T$41
T$41
T$41
T$41
T$41
T$41
D$41
[^_]
|$4u
UWVS
d$,[^_]
L$@)
d$,[^_]
UWVS
[^_]
L$$9L$
L$`)
d$L[
d$L[
UWVS
T$L1
T$L1
T$L1
T$L1
[^_]
UWVS
[^_]
[^_]
t$TtN
t$$1
D$ 1
t$$1
L$@t;
T$49T$0u
d$l[^_]
d$,[^_]
UWVS
9|$P
+D$ 
9|$P
;D$P
+|$ 
;T$ 
D$(t8
|$()
t$P9
d$<[^_]
9l$P
t$ 9
d$<[^_]
+|$ 
l$P+l$ 
l$$9
d$<[^_]
D$<8
D$@9D$0
Inva
lid 
outp
ut i
n th
e re
fere
nce 
arraf
D$08
t$<9t$,t;
9D$D}
[^_]
Inva
lid 
outpf
d$,[^_]
D$T9
UWVS
[^_]
UWVS
d$,[^_]
UWVS
d$,[^_]
UWVS
[^_]
UWVS
[^_]
UWVS
L$Ltf
+L$D
;l$D
D$Df
d$,[^_]
D$D+D$
+D$D
d$,[^_]
+L$D
t$D;t$D
D$D)
|$$9
UWVS
D$,$I
D$(kD$88
l$0k
kD$,8
D$t;D$
[^_]
kD$,8
[^_]
L$tt
T$0i
L$<9
+T$,
kl$$8
9L$0
L$HkD$,8
89t$0
;t$(t
D$8+
l$$8
l$,8
T$$9T$,t
l$,+l$8
L$$+L$0
|$<;
;t$(t
D$$)
D$ w$
+L$,
L$$)
UWVS
t$H+t$D
t$H)
D$$1
D$ )
D$ )
D$ )
D$ )
D$ )
|$8um
D$ 9D$4tO
+D$0
d$\[^_]
|$$9
t$$9
|$<9
t$$9t$<t?
UWVS
D$@9D$D
T$@kD$
d$,[^_]
L$@kD$
UWVS
9T$x
9T$x
;D$x
=UUU
D$8UUU
9T$t
T$$9T$ 
(;l$ 
9l$ 
d$\[^_]
+D$t
9D$x
L$(9
T$$9T$
+t$t
|$,;|$tt&
t$D9
T$t)
d$\[^_]
L$x+L$0
t$H+t$D
T$t9T$
T$$9T$
9D$0t
9T$(t
9L$<t
9T$(t
9D$(u
UWVS
p +p
|$|UUU
|$|UUU
T$X)
L$|9L$8
T$X)
L$X)
t$p9t$8
D$<1
l$dt`
d$P1
t$X9l$d
t$d)
D$P1
9t$h~J
t$h1
+t$X
9t$8
t$|9t$x
9D$X
;D$P
D$88;|$X
;t$d
;D$\
t$|9t$@
[^_]
kD$X8
D$8th
D$prE
l$@tQ
UWVS
t$091
9t$(
;t$(
9T$0
9T$0
t$091
9t$(
;t$(
D$D;p
[^_]
9t$(
;t$(
9t$(
;t$(
9t$(
;t$(
9t$(
;t$(
9t$(
;t$(
|$P9|$D
|$U*
D$$1
D$Hf
D$Vf
;|$Hu
;|$Hu
;|$@u
;|$@u
;|$@u
t$Hf
L$Vf
D$Vf
;|$@u
;D$0
;D$4
;D$,
[^_]
T$Hf
D$@1
|$<9|$0
|$CM
|$CM
|$8v
|$CMf
,Hf9
|$8v
|$CMf
,Hf9
|$8v
|$CM
|$CM
|$8v
|$CM
l$8f
,Hf9
,Hf9
;D$ 
D$|;D$$
[^_]
l$89l$0
|$?M
;|$,u
,xf9
;|$,u
,xf9
;|$,u
;|$,u
;|$,u
t$,f
4zf9
;|$,u
t$,1
;|$,u
t$,f
;|$,u
t$,1
;|$,u
t$,f
4zf9
;|$,u
;D$ 
;D$$
D$x;D$(
[^_]
|$$9
UWVS
D$l1
|$Du
T$le3
d$|[^_]
T$(9
t$<1
t$<1
d$l[
UWVS
T$,t5
L$,)
[^_]
UWVS
t$d%
9D$X
L$\)
[^_]
9T$\
UWVS
;D$(
[^_]
T$H)
;L$0
UWVS
z0u.
|$p9|$P
N|$P
|$p9|$T
|$d9|$p
N|$p
|$\+|$T
|$p9|$T
;D$H
;D$L
;D$0
;D$4
;D$8
;D$<
;D$@
;D$D
[^_]
T$t9
D$t9
L$t9
UWVS
l$Pf
;D$Pt~
 T$/
D$.9
t$@;t$Dt
l$H9l$<
l$\9l$X
;D$8
;D$0
;D$4
;t$<u
;D$D
;D$@
[^_]
UWVS
 T$#;L$$
D$"9
|$4;|$8t
l$<9l$0
l$L9l$H
;D$,
;D$(
T$Ht
l$L9l$D
;|$H
T$<v
T$(t
 T$$;L$(
D$#9
;|$0
D$8t
+D$<9D$@
;D$,
[^_]
UWVS
D$<	
 T$<
D$/9
t$<;t$Dt
T$H9T$@
|$X9|$T
;D$4
;D$8
[^_]
UWVS
D$,	
 T$,
D$#9
t$,;t$4t
T$89T$0
T$H9T$D
;D$(
;D$$
[^_]
UWVS
|$0	
|$,	
9|$0
D$09
L$,t
D$09|$<
L$L9T$H}
[^_]
UWVS
D$l9D$`
T$<f
9L$8
T$\9T$X
T$0f
T$t1
9L$8
T$09T$X
T$8)
D$t1
9L$8
D$09D$X
9L$8
T$\9T$X
T$t1
9L$8
T$09T$X
T$8)
T$t1
9L$8
9D$X
T$\f
T$t1
T$0f
9L$8
T$D9T$XvJ
;D$,
[^_]
d$$[^
UWVS
D$8f
D$(	
 D$(
|$(1
|$@f
L$89
L$(t!
9T$0
D$4	
 D$4
|$41
D$<9D$
|$4t
|$$	
D$ 	
 D$ 
D$,9D$$t
l$$f
D$(	
 D$(;T$$
D$,9
D$ 9
;T$$
 D$(
D$ 9
d$l[^_]
D$@~g
l$$~%1
D$ 9
D$49D$
l$81
D$ 9
T$$9
D$ 9
T$$9
d$l[^_]
|$(1
UWVS
l$H1
l$D;t$<}R
l$D;t$<
L$H9D$@
;D$4
;D$8
[^_]
;t$<u
t$L9t$Hu
T$D~v
T$<u
D$<9D$L
;T$<u
T$Df
;|$@u
|$L9|$Pu
T$D~t
T$<f
T$<u
D$<9D$L
T$@~V1
;T$<u
;|$Du
9L$H
T$,~+
;t$<u
L$L9L$H
;T$<u
t$Df
;|$@u
T$L9T$Pu
UWVS
l$H1
l$D;t$<}R
l$D;t$<
L$H9D$@
;D$4
;D$8
[^_]
;t$<u
t$L9t$Hu
T$D~v
T$<u
D$<9D$L
;T$<u
T$Df
;|$@u
|$L9|$Pu
T$D~t
T$<f
T$<u
D$<9D$L
T$@~V1
;T$<u
;|$Du
9L$H
T$,~-
;t$<u
L$L9L$H
;T$<u
t$Df
;|$@u
T$L9T$Pu
UWVS
l$H9l$<
E|$L
L$81
9t$4
EL$L
t$81
9|$4
E|$L
L$81
L$4f
;t$4
E|$L
L$81
L$4f
;t$4
E|$L
L$81
9t$4
E|$L
L$81
9t$4
E|$L
L$81
l$49l$@
L$81
T$49T$@
L$81
9t$4
L$81
9t$4
L$81
9t$4
L$81
L$4f
;t$4
L$81
L$4f
;t$4
t$81
t$49
T$@9T$T
t$81
t$49
T$@9T$T
L$81
9t$4
L$81
L$4f
;t$4
L$81
L$4f
;t$4
L$81
L$49L$@
L$81
9t$4
L$81
9t$4
;D$$
;D$0
[^_]
T$Z9
\$(u
T$Z9
\$(u
\$(u
\$(u
T$\9
\$(u
\$(u
\$(u
\$(u
\$(u
L$8f
\$(u
\$(u
\$(u
\$(u
\$(u
\$(u
\$(u
\$(u
\$(u
T$\9
\$(u
L$8f
T$Z9
\$(u
T$Z9
\$(u
UWVS
D$x%
t$\9t$T
Et$`
|$H)
t$P1
;T$@u
t$<9t$H
+T$@
t$@1
L$D;T$<u
L$L9L$H
+T$@
|$@1
L$D;T$<u
l$L9l$H
+T$@
t$<f
|$@1
L$D;T$<u
l$L9l$H
|$L1
L$H;T$<u
l$L9l$H
|$L1
L$H;T$<u
l$L9l$H
|$H)
t$P1
;T$@u
L$<9L$H
|$H)
t$P1
;T$@u
T$<9T$H
|$L1
L$H9
T$L9T$H
|$L1
L$H9
T$L9T$H
+T$@
|$@1
l$D+|
L$<9
T$L9T$H
|$H)
t$P1
;T$@u
T$<9T$H
+T$@
|$@1
L$<9
T$L9T$H
+T$@
|$@1
L$<9
T$L9T$H
+T$@
|$@1
L$<9
T$L9T$H
+T$@
|$@1
L$<9
T$L9T$H
|$H)
t$P1
;T$@u
T$<9T$H
|$L1
|$Df
L$H9
T$L9T$H
+T$@
|$@1
l$D+|
L$<9
T$L9T$H
|$H)
t$P1
;T$@u
t$<9t$H
|$L1
|$Df
L$H9
T$L9T$H
;D$,
;D$8
;D$(
[^_]
\$0u
\$0u
\$0u
L$Pf
\$0u
\$0u
\$0u
T$l9
\$0u
\$0u
\$0u
\$0u
\$0u
\$0u
\$0u
\$0u
\$0u
\$0u
\$0u
\$0u
\$0u
\$0u
\$0u
UWVS
;|$4
D$<9
l$:f
D$:9
l$<9
;D$ 
D$t;D$$
[^_]
UWVS
D$N<|
D$Ot
;t$8
T$M!
D$M;|$8
D$89D$<t
l$<f
T$H9T$@
;D$4
;D$,
;D$0
[^_]
;t$8
T$M!
D$M;|$8
D$89D$<
;t$8
T$M!
D$M;|$8
D$89D$<
UWVS
D$M<|
D$Nt
|$O^
D$8	
 T$8
D$49
l$01
D$09D$@t
D$H9D$D
;D$(
;D$,
[^_]
D$@+D$8
FD$0
9|$<
T$L!
;L$$
D$#9t$<
l$41
D$49D$0t
l$0f
D$8`
D$<`
D$89D$@
D$@+D$8
FD$0
9|$<
T$L!
;L$$
D$#9t$<
l$41
D$49D$0t
l$0f
D$8`
D$<`
D$89D$@
D$@+D$8
FD$0
9|$<
T$L!
;L$$
D$#9t$<
l$41
D$49D$0t
l$0f
D$8`
D$<`
D$89D$@
UWVS
l$<9l$4
:8D=
:8D=
:8D=
:8D=
zf9D}
zf9D}
zf9D}
zf9D}
zf9D}
zf9D}
:8D=
:8D=
:8D=
:8D=
:8D=
:8D=
zf9D}
zf9D}
zf9D}
zf9D}
;D$(
;D$,
D$x;D$0
[^_]
190f
UWVS
l$<9l$,
;D$$
D$p;D$(
[^_]
l$<tG1
[^_]
UWVS
|$8%
D$8%
D$@t
EL$d
D|$\
T$81
D$pt9
ED$p
L$Ht
D$\9D$@
T$x9T$t
;D$0
;D$4
;D$,
[^_]
L$x;O
L$\;O
L$X1
ED$p
|$x9|$8
|$\9|$X
|$lt:
ED$l
D$81
L$Ht
T$\9T$8
L$x9L$p
L$`1
;D$<
ED$l
;D$<
;D$<
UWVS
t$(f
d$<[^_]
d$<[^_]
D$,9
UWVS
L$@9L$<u
l$d9l$P
|$L1
;D$<u
T$L;|$@u
9D$<
L$H1
9|$8
|$D9|$@u
L$H1
9|$8
|$D9|$@u
T$H1
l$41
T$@f
9L$8
|$D9|$L
|$H1
|$0f
9l$8
|$D9|$@
T$H1
l$41
9L$8
|$D9|$L
|$H1
9l$8
|$D9|$@
T$<u
L$H1
9|$8
|$D9|$@u
;D$(
;D$,
[^_]
UWVS
L$P9L$@
|$8;l$4u
|$8;l$4u
|$8;l$4u
L$81
|$8;L$4u
l$41
;L$4u
l$41
;L$4u
|$8;l$4u
;D$,
;D$0
[^_]
9T$Hw
l$T)
9T$Hw
l$T)
9T$Hw
9T$Hw
9T$Hw
9T$Hw
9T$Hw
UWVS
d$l[^_]
UWVS
;D$,
;D$(
[^_]
UWVS
d$,[^_]
d$,[^_]
UWVS
L$$u'
D$(;x
d$L[^_]
UWVS
D$L9
[^_]
UWVS
d$|[^_]
zFuD
;t$0u
;t$0u
;t$0u
D$0f
;t$0u
D$0f
;t$0u
D$0f
;t$0u
UWVS
d$l[^_]
;t$$u
zFuD
;t$$u
;t$$u
;t$$u
D$$f
;t$$u
D$$f
;t$$u
D$$f
;t$$u
UWVS
d$l[^_]
D$(f
;t$(u
D$(f
;t$(u
D$(f
;t$(u
z,u*
D$(f
;t$(u
D$(f
;t$(u
D$(f
;t$(u
;t$(u
;t$(u
;t$(u
UWVS
d$l[^_]
D$(f
;t$(u
D$(f
;t$(u
D$(f
;t$(u
z>u<
D$(f
;t$(u
D$(f
;t$(u
D$(f
;t$(u
;t$(u
;t$(u
;t$(u
UWVS
d$l[^_]
D$(f
;t$(u
D$(f
;t$(u
D$(f
;t$(u
z>u<
D$(f
;t$(u
D$(f
;t$(u
D$(f
;t$(u
;t$(u
;t$(u
;t$(u
UWVS
\$0%
[^_]
9D$@
;|$<u
;D$$
;D$8
D$H	
 L$H9
|$P1
|$P9
|$Hf
;L$Du
D$Hf
;L$Du
|$Df
D$D9
|$P1
|$P9
;L$Du
|$Hf
;L$Du
;L$Du
;L$Du
D$Hf
;L$Du
;L$Du
D$\9
UWVS
D$x%
D$x%
t$H1
t$<9
L$H9T$D
;D$0
;D$4
;D$8
[^_]
D$@1
;D$<
;L$@u
L$L9L$Hu
T$@1
;D$<
;L$@u
L$L9L$Hu
D$@1
;D$<
;L$@u
L$L9L$Hu
D$@1
;D$<
;L$@u
L$L9L$Hu
D$@1
;D$<
;L$@u
L$L9L$Hu
D$@1
;D$<
;L$@u
L$L9L$Hu
D$@1
;D$<
;L$@u
L$L9L$Hu
;L$@u
;L$@
;L$@
;L$@
;L$@
;L$@
;L$@
UWVS
D$P;x
d$<[^_]
UWVS
D$P;x
d$<[^_]
UWVS
D$P;x
d$<[^_]
UWVS
D$P;x
d$<[^_]
UWVS
D$P;x
d$<[^_]
UWVS
L$,u'
D$`;x
d$L[^_]
|$49>
l$(t/
UWVS
D$<1
l$,9t$,
;D$8u
[^_]
UWVS
+D$(
D$,9D$
D$(9D$
d$L[^_]
d$L[^_]
UWVS
|$L1
;l$(u
[^_]
9D$$u
d$l[^_]
UWVS
D$Dt.
L$D)
9T$D
|$D1
;l$D
D$ te
L$@1
L$D9L$8u
d$|[^_]
d$<[^_]
UWVS
;D$,
;D$8
[^_]
9t$L
Et$0
;L$<u
t$p9t$X
L$01
}!9t$L
;L$<u
L$01
}!9t$L
;L$<u
L$01
~!9t$L
;L$<u
t$@3|$43t$0	
;L$<
;L$<u
t$@3|$43t$0	
D$(1
D$4%
t$(1
D$d%
;L$<
;L$<
D$(1
D$4%
t$(1
D$d%
UWVS
[^_]
T$|~
L$Hu1
D$D;x
L$Hu0
D$D;x
L$@u'
D$<;x
;D$0
;D$$
;D$(
t$l)
;t$,t
[^_]
D$,+D$(
UWVS
D$\9
[^_]
UWVS
D$h1
T$X)
T$\9T$D
T$@f
L$0tv
9t$@
9T$X
9T$X
9T$X
9T$X
9T$X
L$0tx
9t$@
;T$4
[^_]
UWVS
l$89t$<
l$01
;t$0u
L$41
Et$4
;L$0u
|$41
Et$4
;L$0u
|$01
;L$0u
t$01
;L$0u
ED$ 
;L$0tU
;D$(
;D$,
[^_]
UWVS
;L$lu
t$X}
Dt$L
ET$X
t$L9l$X~
E|$`
El$X
;L$lu
4Nf9
t$X}
Dt$L
f9l$X~
E|$`
;L$lu
t$Lf
L$Xv
l$Xf
4Nf9
t$Xs
Dt$L
f9l$Xv
E|$`
;L$lu
t$Lf
D$X8
Et$`
T$p8T$X~
E|$`
;L$lu
D$pf
L$pv
D$X8
Et$`
T$p8T$Xv
E|$`
;L$lu
D$pf
D$`1
;L$lu
;D$T
;D$h
[^_]
D$`1
;D$lu
Bt$`
G|$`
;D$l
T$pu
Lt$`
O|$`
;D$l
T$pu
D$pf
l$`1
l$pf
f9T$0
Bt$`f9l$0
T$pf9T$0
G|$`
;L$lu
D$pf
l$`1
l$pf
f9T$ 
Lt$`f9l$ 
T$pf9T$ 
O|$`
;L$lu
;L$l
t$`u
;D$lu
;T$Tti
Il$d
D$,1
9l$(
d$L[^_]
9l$(
D$H)
|$,9
\$,;D$,}
UWVS
d$<[^_]
UWVS
d$<[^_]
UWVS
[^_]
d$,1
t$@v9
UWVS
[^_]
T$\1
T$\1
T$\1
T$\1
D$\1
+T$(
T$\1
;T$,
;T$,
;T$,
;T$,
;T$,
basic_string::_S_construct null not valid
<formatting error or buffer exceeded>
Attempted redefinition of test case 
All tests in the same test case must use the same test fixture
class.  However, in test case 
to define a test using a fixture class different from the one
used earlier. This can happen if the two fixture classes are
from different namespaces and have the same name. You should
probably rename one of the classes to put the tests into different
Global test environment tear-down
Global test environment set-up.
XML output file may not be null
Could not write to the test shard status file "%s" specified by the %s environment variable.
/builddir/build/BUILD/OpenCV-2.3.1/modules/ts/include/opencv2/ts/ts_gtest.h
pthread_mutex_destroy(&mutex_)
pthread_mutex_init(&mutex_, NULL)
/builddir/build/BUILD/OpenCV-2.3.1/modules/ts/src/ts_gtest.cpp
Cannot generate a number in the range [0, 0).
Condition range <= kMaxRange failed. 
Generation of a number in [0, 
but this can only generate numbers in [0, 
Error while reading death test internal: 
 capturer can exist at a time.
    Result: illegal return in test statement.
    Result: died but not with expected error.
    Result: died but not with expected exit code:
DeathTest::Passed somehow called before conclusion of test
 is expected to be a 32-bit integer, but actually
The value of environment variable 
Invalid environment variables: you have 
Invalid environment variables: we require 0 <= 
Repeating all tests (iteration %d) . . .
Note: This is test shard %s of %s.
Note: Randomizing tests' orders with a seed of %d .
The default value %s is used.
Invalid index (%d) into TestPartResultArray.
 can be found in this test case.
  <testsuite name="%s" tests="%d" failures="%d" disabled="%d" 
<?xml version="1.0" encoding="UTF-8"?>
<testsuites tests="%d" failures="%d" disabled="%d" errors="0" time="%s" 
Condition 0 <= begin && begin <= size failed. 
Condition begin <= end && end <= size failed. 
Condition sizeof(Integer) <= sizeof(parsed) failed. 
pthread_key_create(&key, &DeleteThreadLocalValue)
WARNING: unrecognized output format "%s" ignored.
CHECK failed: File %s, line %d: %s
Bad --gtest_internal_run_death_test flag: %s
posix::Write(write_fd(), &status_ch, 1)
CHECK failed: File %s, line %d: %s != -1
Death test child process reported 
Read from death test child process failed: 
waitpid(child_pid_, &status_value, 0)
execve(%s, ...) in %s failed: %s
Cannot run a death test outside of a TEST or TEST_F construct
Death test count (%d) somehow exceeded expected maximum (%d)
Unknown death test style "%s" encountered
Death tests use fork(), which is unsafe particularly
 in a threaded context. For this test, 
couldn't detect the number of threads.
Condition !original_working_dir_.IsEmpty() failed. 
Failed to get the current working directory.
fcntl(pipe_fd[1], F_SETFD, 0) != -1
munmap(stack, stack_size) != -1
Condition typeid(*base) == typeid(Derived) failed. 
pthread_setspecific(key_, holder_base)
" is not a valid POSIX Extended regular expression.
class, so mixing TEST_F and TEST in the same test case is
 is defined using TEST.  You probably
want to change the TEST to TEST_F or move it to another test
using two different test fixture classes.  This can happen if
the two classes are from different namespaces or translation
units and have the same name.  You should probably rename one
of the classes to put the tests into different test cases.
This test program did NOT call ::testing::InitGoogleTest before calling RUN_ALL_TESTS().  Please fix it.
Condition 1 <= seed && seed <= kMaxRandomSeed failed. 
Reserved key used in RecordProperty(): 
 ('name', 'status', 'time', and 'classname' are reserved by 
... Google Test internal frames ...
(null)
unknown file
%s:%d:
(Invalid Unicode 0x%X)
'%s' (%u, 0x%X)
gtest_
Success
Failure
Unknown result type
Value of: 
  Actual: 
Expected: 
, 0x
L"%s"
vector::_M_range_check
, you tried
test cases.
%s %s
auto
TERM
xterm
xterm-color
xterm-256color
linux
cygwin
true
[0;3%sm
[----------] 
[ RUN      ] 
, where %s
test
%d %s
%s from %s
&lt;
&gt;
&amp;
&apos;
&quot;
&#x%02X;
]]>]]&gt;<![CDATA[
notrun
    <testcase name="
" status="
" time="
" classname="
      <failure message="
" type="">
%s:%d
</failure>
    </testcase>
, where %s
 and 
[  FAILED  ] 
  %s
not 
a substring of 
Expected: (
) != (
) (ignoring case), actual: "
" vs "
The difference between 
 is 
, which exceeds 
, where
 evaluates to 
, and
 (ignoring case)
Which is: 
), actual: 
 vs 
--%s%s
%s%c%s
%s_%d.%s
[WARNING]
[  INFO ]
[ FATAL ]
[ ERROR ]
failed with error 
pthread_mutex_unlock(&mutex_)
Condition range > 0 failed. 
) was requested, 
pthread_mutex_lock(&mutex_)
Only one 
stdout
stderr
Death test: 
    Result: failed to die.
 Error msg: 
  Expected: 
Actual msg: 
Exited with exit status 
Terminated by signal 
 (core dumped)
            
WARNING: 
 has value "
 has value 
, which overflows.
The value of flag --
, but have left 
 unset.
, but you have 
test case
test cases
Google Test
Note: %s filter = %s
[==========] 
Running %s from %s.
Environment variable 
Non-fatal failure
Fatal failure
1 fatal failure
1 non-fatal failure
 failures
  Actual:
 containing "
Test 
 is listed more than once.
No test named 
You forgot to list test 
errors="0" time="%s">
  </testsuite>
random_seed="%d" 
name="AllTests">
</testsuites>
Unable to open file "%s"
) <= (
TEST
TESTS
%s from %s ran.
 (%s ms total)
[  PASSED  ] 
%s, listed below:
%2d FAILED %s
  YOU HAVE %d DISABLED %s
%s from %s (%s ms total)
[       OK ] 
 (%s ms)
) > (
) >= (
) < (
pthread_key_delete(key_)
Invalid shuffle range start 
: must be in range [0, 
Invalid shuffle range finish 
: must be in range [
read_fd_ == -1
basic_string::substr
posix::Close(write_fd())
unexpected status byte (
posix::Close(read_fd())
chdir("%s") failed: %s
close(args->close_fd)
threadsafe
fast
detected 
 threads.
pipe(pipe_fd) != -1
child_pid != -1
close(pipe_fd[0])
close(pipe_fd[1])
gtest_internal_
gtest-
--help
--%s%s=%s.%s
--%s%s=%s|%d|%d|%d
stack != MAP_FAILED
 trace:
^(%s)$
Regular expression "
false
is_valid_
illegal.  In test case 
 is defined using TEST_F but
case.
Failed
you defined test 
 and test 
Invalid random seed 
 - must be in [1, 
status
classname
substr_.c_str()
type_
*results_
also_run_disabled_tests
break_on_failure
catch_exceptions
filter
print_time
random_seed
repeat
shuffle
stack_trace_depth
throw_on_failure
death_test_style
death_test_use_fork
Stack trace:
test_detail.xml
GTEST_TOTAL_SHARDS
GTEST_SHARD_INDEX
*DeathTest:*DeathTest/*
GTEST_SHARD_STATUS_FILE
DISABLED_*:*/DISABLED_*
also_run_disabled_tests
break_on_failure
catch_exceptions
color
death_test_style
death_test_use_fork
filter
internal_run_death_test
list_tests
output
print_time
random_seed
repeat
shuffle
stack_trace_depth
throw_on_failure
This program contains tests written using Google Test. You can use the
following command line flags to control its behavior:
Test Selection:
  @G--gtest_list_tests@D
      List the names of all tests instead of running them. The name of
      TEST(Foo, Bar) is "Foo.Bar".
  @G--gtest_filter=@YPOSTIVE_PATTERNS[@G-@YNEGATIVE_PATTERNS]@D
      Run only the tests whose name matches one of the positive patterns but
      none of the negative patterns. '?' matches any single character; '*'
      matches any substring; ':' separates two patterns.
  @G--gtest_also_run_disabled_tests@D
      Run all disabled tests too.
Test Execution:
  @G--gtest_repeat=@Y[COUNT]@D
      Run the tests repeatedly; use a negative count to repeat forever.
  @G--gtest_shuffle@D
      Randomize tests' orders on every iteration.
  @G--gtest_random_seed=@Y[NUMBER]@D
      Random number seed to use for shuffling test orders (between 1 and
      99999, or 0 to use a seed based on the current time).
Test Output:
  @G--gtest_color=@Y(@Gyes@Y|@Gno@Y|@Gauto@Y)@D
      Enable/disable colored output. The default is @Gauto@D.
  -@G-gtest_print_time=0@D
      Don't print the elapsed time of each test.
  @G--gtest_output=xml@Y[@G:@YDIRECTORY_PATH@G/@Y|@G:@YFILE_PATH]@D
      Generate an XML report in the given directory or with the given file
      name. @YFILE_PATH@D defaults to @Gtest_details.xml@D.
Assertion Behavior:
  @G--gtest_death_test_style=@Y(@Gfast@Y|@Gthreadsafe@Y)@D
      Set the default death test style.
  @G--gtest_break_on_failure@D
      Turn assertion failures into debugger break-points.
  @G--gtest_throw_on_failure@D
      Turn assertion failures into C++ exceptions.
Except for @G--gtest_list_tests@D, you can alternatively set the corresponding
environment variable of a flag (all letters in upper-case). For example, to
disable colored text output, you can either specify @G--gtest_color=no@D or set
the @GGTEST_COLOR@D environment variable to @Gno@D.
For more information, please read the Google Test documentation at
@Ghttp://code.google.com/p/googletest/@D. If you find a bug in Google Test
(not one in your own code or tests), please report it to
@G<googletestframework@@googlegroups.com>@D.
fast
*N7testing8internal12_GLOBAL__N_123ClassUniqueToAlwaysTrueE
N7testing8internal23DefaultDeathTestFactoryE
N7testing8internal24HasNewFatalFailureHelperE
N7testing4TestE
N7testing8TestCaseE
N7testing8UnitTestE
N7testing32ScopedFakeTestPartResultReporterE
N7testing8internal18OsStackTraceGetterE
N7testing8internal35DefaultGlobalTestPartResultReporterE
N7testing8internal38DefaultPerThreadTestPartResultReporterE
N7testing8internal12UnitTestImplE
N7testing8internal27PrettyUnitTestResultPrinterE
N7testing8internal17TestEventRepeaterE
N7testing8internal24XmlUnitTestResultPrinterE
N7testing8internal13DeathTestImplE
N7testing8internal16ForkingDeathTestE
N7testing8internal15NoExecDeathTestE
N7testing8internal13ExecDeathTestE
N7testing8internal16DeathTestFactoryE
N7testing8internal9DeathTestE
N7testing31TestPartResultReporterInterfaceE
N7testing17TestEventListenerE
N7testing22EmptyTestEventListenerE
N7testing8internal27OsStackTraceGetterInterfaceE
N7testing8internal11ThreadLocalIPNS_31TestPartResultReporterInterfaceEE11ValueHolderE
N7testing8internal26ThreadLocalValueHolderBaseE
N7testing26GoogleTestFailureExceptionE
N7testing8internal11ThreadLocalISt6vectorINS0_9TraceInfoESaIS3_EEE11ValueHolderE
zDmin_log_array_size
max_log_array_size
test_case_count
vector::_M_fill_insert
%s in %s array %d at (%s)
input
ref input/output
ref output
temporary
mask
%s array %d type=%sC%d, size=(%s)
N6cvtest9ArrayTestE
A/builddir/build/BUILD/OpenCV-2.3.1/modules/ts/src/ts_func.cpp
Unknown/unsupported border type
!m.loc || ((int)m.loc->size() == m.m->dims && m.m->dims <= 2)
src1.empty() || (src1.type() == src2.type() && src1.size == src2.size)
src1.type() == src2.type() && src1.size == src2.size
(typeMask & DEPTH_MASK_ALL) != 0
src.size == mask.size && mask.type() == CV_8U
dst.size == mask.size && mask.type() == CV_8U
dst.size == src.size && src.depth() == dst.depth() && 0 <= coi && coi < dst.channels()
0 <= coi && coi < src.channels()
mask.empty() || (src.size == mask.size && mask.type() == CV_8U)
normType == NORM_INF || normType == NORM_L1 || normType == NORM_L2
mask.empty() || (src1.size == mask.size && mask.type() == CV_8U)
src1.size == src2.size && src1.type() == src2.type()
op == '&' || op == '|' || op == '^'
op == '&' || op == '|' || op == '^' || op == '~'
src1.type() == src2.type() && src1.channels() == 1 && src1.size == src2.size
a.type() == b.type() && a.dims == 2 && b.dims == 2 && cn <= 2
c.dims == 2 && c.type() == a.type() && c_rows == a_rows && c_cols == b_cols
scn <= 4 && dcn <= 4 && (mattype == CV_32F || mattype == CV_64F) && (!haveShift || (shift.type() == mattype && (shift.rows == 1 || shift.cols == 1)))
mask.empty() || (mask.type() == CV_8U && mask.size == src.size)
depth == CV_32F || depth == CV_64F
kernel.type() == CV_32F || kernel.type() == CV_64F
(_aperture_size == -1 || (_aperture_size >= 1 && _aperture_size % 2 == 1)) && dx >= 0 && dy >= 0 && dx + dy <= 3
arr.type() == refarr.type() && arr.size == refarr.size
The reference and the actual output arrays have different type or size:
val != -1
!a.empty() || !b.empty()
a.size == b.size
planes[0].rows == 1
src.dims == 2
kernel.type() == CV_8U
Unknown comparison operation
src.channels() == 1
<Empty>
-dim (
d == (int)ofs.size()
too big relative difference (
) between 
' and '
' at 
%s: Too big difference (=%g)
%s: Invalid output
%s: Invalid reference output
%s at element %d
%s at (%s)
randomType
getMinVal
getMaxVal
convertTo
convertTo
convertTo
convertTo
convertTo
convertTo
convertTo
copy
insert
extract
transpose
randUni
erode
dilate
filter2D
borderInterpolate
minMaxLoc
norm
norm
crossCorr
logicOp
logicOp
compare
compare_
compare_
compare_
compare_
compare_
compare_
compare_
compare
compareS_
compareS_
compareS_
compareS_
compareS_
compareS_
compareS_
cmpUlps
check
cmpEps
gemm
transform
minmax
minmax
muldiv
mean
patchZeros
calcSobelKernel2D
getSubArray
operator<<
writeElems
OPENCV_TEST_DATA_PATH
%s%s%s/
Generic/Unknown
No test data
Invalid test data
cvError invoked
Hardware/OS exception
Invalid memory access
Arithmetic exception
Corrupted memblock (end)
Memory leak
Invalid function output
Unexpected output
Bad accuracy
Infinite loop(?)
unknown function
Succeeded
%08x%08x
	failure reason: 
	test case #
	seed: 
%s  (test case #%d): no expected exception was thrown
%s (test case #%d): the error code %d is different from the expected %d
%s  (test case #%d): unknown exception was thrown (the function has likely crashed)
Corrupted memblock (beginning)
Incorrect handling of bad arguments
OpenCV Error: %s (%s) in %s, file %s, line %d
/builddir/build/BUILD/OpenCV-2.3.1/modules/ts/src/ts.cpp
-----------------------------------
	SUM: 
-----------------------------------
	LOG: 
-----------------------------------
	CONSOLE: 
-----------------------------------
N6cvtest8BaseTestE
N6cvtest2TSE
N6cvtest10BadArgTestE
;*2$"
zPLR
	+5u
libopencv_ts.so.2.3.1.debug
.data
.rodata
.shstrtab
.dynamic
.note.gnu.build-id
.gcc_except_table
.eh_frame
.gnu.hash
.fini
.gnu_debuglink
.dynsym
.gnu.version
.rel.dyn
.data.rel.ro
.gnu.version_r
.jcr
.eh_frame_hdr
.dynstr
.ctors
.dtors
.bss
.init
.rel.plt
.got.plt
.got
.text
.init_array
