__gmon_start__
_init
_fini
_ITM_deregisterTMCloneTable
_ITM_registerTMCloneTable
__cxa_finalize
main_server
find_config
pr_feat_add
strncasecmp
session
pr_table_remove
pr_signals_handle
find_config_next
pr_fs_clear_cache2
pr_fsio_stat
pstrdup
resp_list
pr_trace_msg
pr_cmd_dispatch_phase
pr_response_clear
destroy_pool
strsep
pdircat
pr_pool_create_sz
pr_cmd_alloc
resp_err_list
__errno_location
pr_fsio_mkdir
pr_log_debug
strerror
pr_log_pri
__stack_chk_fail
pcalloc
pr_fsio_readlink
pr_fsio_symlink
opendir
readdir
pr_fsio_lstat
closedir
pstrcat
pr_fs_copy_file2
dir_abs_path
xferlog_write
get_dir_ctxt
pr_filter_allow_path
get_param_ptr
dcgettext
pr_response_add_err
pr_cmd_set_errno
mod_create_ret
pr_response_add
pr_fs_decode_path2
dir_canonical_vpath
pr_cmd_set_name
dir_check
pr_table_get
dir_check_canon
exists2
pr_table_add
check_context
add_config_param
get_context_name
get_boolean
palloc
copy_module
libc.so.6
_edata
__bss_start
_end
mod_copy.so
GLIBC_2.4
GLIBC_2.2.5
%"8 
%"8 
%"8 
%"8 
%"8 
%"8 
%"8 
%*8 
%*8 
%*8 
%*8 
%*8 
%*8 
%*8 
%*8 
%*8 
%*8 
%*8 
%28 
%:8 
%:8 
%:8 
%:8 
%:8 
%:8 
%:8 
%:8 
%:8 
%:8 
%:8 
%:8 
%:8 
%:8 
%:8 
%:8 
%:8 
%:8 
%:8 
%:8 
%:8 
%:8 
%:8 
%B8 
%B8 
%B8 
%J8 
%J8 
%J8 
%J8 
%J8 
%J8 
%J8 
=I: 
5B: 
v(UH
ATSH
AWAVAUATI
[A\A]A^A_]
D$(A
AVAUATSI
[A\A]A^]
AWAVAUATI
[A\A]A^A_]
=R- 
=$, 
vPt7Wjc
AWAVAUATI
=f. 
[A\A]A^A_]
WjcD
WjcD
AWAVAUATSH
[A\A]A^A_]
[A\A]A^A_]
AWAVAUATI
[A\A]A^A_]
[A\A]A^A_]
AWAVAUATSH
[A\A]A^A_]
[A\A]A^A_]
AVAUATSH
[A\A]A^]
G0E1
t$8I
D$8H
([A\A]A^]
AVAUATSH
D$8H
([A\A]A^]
[A\A]A^]
CopyEngine
SITE COPY
CPTO
mod_copy.cpfr-path
CopyOptions
path '%s' already exists
copy
SITE
COPY 
AllowOverwrite
error stat'ing '%s': %s
authenticated
proftpd
SITE_COPY
WRITE
%s: %s
SITE %s command successful
HELP
CPFR <sp> pathname
CPTO <sp> pathname
Invalid number of parameters
Bad sequence of commands
Copy successful
CPFR
%s: Forbidden filename
wrong number of parameters
 context
directive not allowed in 
NoDeleteOnFailure
: unknown CopyOption '
missing parameters
expected Boolean parameter
DIRS
PASS
mod_copy/0.6
mod_copy/0.6: creating directory '%s' blocked by MKD handler: %s
mod_copy/0.6: error checking '%s': %s
mod_copy/0.6: error creating '%s': %s
mod_copy/0.6: directory '%s' created
mod_copy/0.6: error reading link '%s': %s
mod_copy/0.6: error symlinking '%s' to '%s': %s
mod_copy/0.6: error reading directory '%s': %s
mod_copy/0.6: unable to stat '%s' (%s), skipping
mod_copy/0.6: COPY of '%s' to '%s' blocked by COPY handler: %s
mod_copy/0.6: error copying file '%s' to '%s': %s
mod_copy/0.6: skipping supported file '%s'
mod_copy/0.6: path '%s' denied by PathAllowFilter
mod_copy/0.6: path '%s' denied by PathDenyFilter
mod_copy/0.6: AllowOverwrite permission denied for '%s'
mod_copy/0.6: error creating path '%s': %s
mod_copy/0.6: error copying directory '%s' to '%s': %s
mod_copy/0.6: error copying symlink '%s' to '%s': %s
mod_copy/0.6: unsupported file type for '%s'
Please login with USER and PASS
'%s' failed to decode properly: %s
%s: Illegal character sequence in filename
mod_copy/0.6: error copying '%s' to '%s': %s
mod_copy/0.6: 'CPFR %s' denied by PathAllowFilter
mod_copy/0.6: 'CPFR %s' denied by PathDenyFilter
error adding 'mod_copy.cpfr-path' note: %s
File or directory exists, ready for destination name
;*3$"
mod_copy.so.debug
7zXZ
;A$L
R-4J@
]n,2P
NbPy
"'tV
=L&<Zd
mq%t
pZ<n'(
.shstrtab
.note.gnu.build-id
.gnu.hash
.dynsym
.dynstr
.gnu.version
.gnu.version_r
.rela.dyn
.init
.plt
.plt.got
.text
.fini
.rodata
.eh_frame_hdr
.eh_frame
.init_array
.fini_array
.data.rel.ro
.dynamic
.data
.bss
.gnu_debuglink
.gnu_debugdata
